<?xml version="1.0" encoding="UTF-8"?>
<testsuite name="db.dao.hiber.SexDAOImplTest" tests="2" skipped="0" failures="0" errors="0" timestamp="2018-02-04T08:35:51" hostname="sa-W65-67SF" time="8.988">
  <properties/>
  <testcase name="getAll" classname="db.dao.hiber.SexDAOImplTest" time="7.653"/>
  <testcase name="insert" classname="db.dao.hiber.SexDAOImplTest" time="1.334"/>
  <system-out><![CDATA[2018-02-04 11:35:52 DEBUG StandardEnvironment:106 - Adding PropertySource 'systemProperties' with lowest search precedence
 2018-02-04 11:35:52 DEBUG StandardEnvironment:106 - Adding PropertySource 'systemEnvironment' with lowest search precedence
 2018-02-04 11:35:52 DEBUG StandardEnvironment:124 - Initialized StandardEnvironment with PropertySources [MapPropertySource@981824860 {name='systemProperties', properties={java.runtime.name=Java(TM) SE Runtime Environment, sun.boot.library.path=/usr/lib/jvm/java-8-oracle/jre/lib/amd64, java.vm.version=25.161-b12, java.vm.vendor=Oracle Corporation, java.vendor.url=http://java.oracle.com/, path.separator=:, java.vm.name=Java HotSpot(TM) 64-Bit Server VM, file.encoding.pkg=sun.io, sun.java.launcher=SUN_STANDARD, user.country=US, sun.os.patch.level=unknown, java.vm.specification.name=Java Virtual Machine Specification, user.dir=/home/sa/IdeaProjects/sport_schedule/backend, java.runtime.version=1.8.0_161-b12, java.awt.graphicsenv=sun.awt.X11GraphicsEnvironment, java.endorsed.dirs=/usr/lib/jvm/java-8-oracle/jre/lib/endorsed, os.arch=amd64, java.io.tmpdir=/tmp, line.separator=
, java.vm.specification.vendor=Oracle Corporation, user.variant=, os.name=Linux, sun.jnu.encoding=UTF-8, java.library.path=/usr/java/packages/lib/amd64:/usr/lib64:/lib64:/lib:/usr/lib, java.specification.name=Java Platform API Specification, java.class.version=52.0, org.gradle.native=false, sun.management.compiler=HotSpot 64-Bit Tiered Compilers, os.version=4.4.0-112-generic, user.home=/home/sa, user.timezone=Europe/Moscow, java.awt.printerjob=sun.print.PSPrinterJob, file.encoding=UTF-8, java.specification.version=1.8, java.class.path=/home/sa/IdeaProjects/sport_schedule/backend/build/classes/java/test:/home/sa/IdeaProjects/sport_schedule/backend/build/resources/test:/home/sa/IdeaProjects/sport_schedule/backend/build/classes/java/main:/home/sa/IdeaProjects/sport_schedule/backend/build/resources/main:/home/sa/.gradle/caches/modules-2/files-2.1/org.apache.tomcat/tomcat-jdbc/8.5.23/6036400a8f2d90dd3ae3a4d09e5136c56002887b/tomcat-jdbc-8.5.23.jar:/home/sa/.gradle/caches/modules-2/files-2.1/org.springframework.security/spring-security-web/4.2.3.RELEASE/7a03e737484ca232d7146852f06d067ac21427ac/spring-security-web-4.2.3.RELEASE.jar:/home/sa/.gradle/caches/modules-2/files-2.1/org.springframework.security/spring-security-config/4.2.3.RELEASE/9f3771903616e33521836fd999d63efbfebf90d/spring-security-config-4.2.3.RELEASE.jar:/home/sa/.gradle/caches/modules-2/files-2.1/org.springframework.security/spring-security-core/4.2.3.RELEASE/5c0e47a47036c94d6fdd02696bf52be6d1adbd4d/spring-security-core-4.2.3.RELEASE.jar:/home/sa/.gradle/caches/modules-2/files-2.1/org.springframework/spring-orm/4.3.12.RELEASE/47bbe35a92944aeedf06a388098581272f8db9bd/spring-orm-4.3.12.RELEASE.jar:/home/sa/.gradle/caches/modules-2/files-2.1/org.springframework/spring-jdbc/4.3.12.RELEASE/5c840abbdc1a1dfd0f79c4a4c25eac0c98e6af22/spring-jdbc-4.3.12.RELEASE.jar:/home/sa/.gradle/caches/modules-2/files-2.1/javax.servlet/javax.servlet-api/3.0.1/6bf0ebb7efd993e222fc1112377b5e92a13b38dd/javax.servlet-api-3.0.1.jar:/home/sa/.gradle/caches/modules-2/files-2.1/javax.servlet/jstl/1.2/74aca283cd4f4b4f3e425f5820cda58f44409547/jstl-1.2.jar:/home/sa/.gradle/caches/modules-2/files-2.1/log4j/log4j/1.2.16/7999a63bfccbc7c247a9aea10d83d4272bd492c6/log4j-1.2.16.jar:/home/sa/.gradle/caches/modules-2/files-2.1/com.google.code.gson/gson/2.8.2/3edcfe49d2c6053a70a2a47e4e1c2f94998a49cf/gson-2.8.2.jar:/home/sa/.gradle/caches/modules-2/files-2.1/postgresql/postgresql/9.1-901-1.jdbc4/9bfabe48876ec38f6cbaa6931bad05c64a9ea942/postgresql-9.1-901-1.jdbc4.jar:/home/sa/.gradle/caches/modules-2/files-2.1/org.springframework/spring-webmvc/4.3.12.RELEASE/986e5dcd4435e780f6be64f8185eaa51523cf851/spring-webmvc-4.3.12.RELEASE.jar:/home/sa/.gradle/caches/modules-2/files-2.1/org.springframework/spring-remoting/2.0.8/e4b7438ec34a8b377ea31a3099b788b23344b431/spring-remoting-2.0.8.jar:/home/sa/.gradle/caches/modules-2/files-2.1/org.springframework/spring-tx/4.3.12.RELEASE/7147b6839b2bf9db3621b79c73b4dddbe69572b6/spring-tx-4.3.12.RELEASE.jar:/home/sa/.gradle/caches/modules-2/files-2.1/org.springframework/spring-web/4.3.12.RELEASE/86c29588cca74d0fc848b194cb13fcdfd12bc990/spring-web-4.3.12.RELEASE.jar:/home/sa/.gradle/caches/modules-2/files-2.1/org.springframework/spring-context/4.3.12.RELEASE/5e6d26f36636f36b7efec1d6a0c5991284fbd95b/spring-context-4.3.12.RELEASE.jar:/home/sa/.gradle/caches/modules-2/files-2.1/org.springframework/spring-aop/4.3.12.RELEASE/b3fef085902993c2ef874c45c7bfd79296d5a5a4/spring-aop-4.3.12.RELEASE.jar:/home/sa/.gradle/caches/modules-2/files-2.1/org.springframework/spring-beans/4.3.12.RELEASE/547dd432d47d0f01d9ccbedc4b705f9f7c1240a/spring-beans-4.3.12.RELEASE.jar:/home/sa/.gradle/caches/modules-2/files-2.1/org.springframework/spring-expression/4.3.12.RELEASE/790f69f6ad7f9da8d4a92c603ad7244c398c8309/spring-expression-4.3.12.RELEASE.jar:/home/sa/.gradle/caches/modules-2/files-2.1/org.springframework/spring-core/4.3.12.RELEASE/4cebc69478c6d350dbd5af28e3db7d5694f416e3/spring-core-4.3.12.RELEASE.jar:/home/sa/.gradle/caches/modules-2/files-2.1/org.hibernate/hibernate-core/5.2.12.Final/ea479b6692e22c9b642dd4142db670e92d106544/hibernate-core-5.2.12.Final.jar:/home/sa/.gradle/caches/modules-2/files-2.1/org.jetbrains/annotations/13.0/919f0dfe192fb4e063e7dacadee7f8bb9a2672a9/annotations-13.0.jar:/home/sa/.gradle/caches/modules-2/files-2.1/junit/junit/4.12/2973d150c0dc1fefe998f834810d68f278ea58ec/junit-4.12.jar:/home/sa/.gradle/caches/modules-2/files-2.1/org.apache.tomcat/tomcat-juli/8.5.23/98e7f0610b7b2fb8303f11be0210e3f5a56a7d55/tomcat-juli-8.5.23.jar:/home/sa/.gradle/caches/modules-2/files-2.1/aopalliance/aopalliance/1.0/235ba8b489512805ac13a8f9ea77a1ca5ebe3e8/aopalliance-1.0.jar:/home/sa/.gradle/caches/modules-2/files-2.1/commons-logging/commons-logging/1.2/4bfc12adfe4842bf07b657f0369c4cb522955686/commons-logging-1.2.jar:/home/sa/.gradle/caches/modules-2/files-2.1/org.hibernate.common/hibernate-commons-annotations/5.0.1.Final/71e1cff3fcb20d3b3af4f3363c3ddb24d33c6879/hibernate-commons-annotations-5.0.1.Final.jar:/home/sa/.gradle/caches/modules-2/files-2.1/org.jboss.logging/jboss-logging/3.3.0.Final/3616bb87707910296e2c195dc016287080bba5af/jboss-logging-3.3.0.Final.jar:/home/sa/.gradle/caches/modules-2/files-2.1/org.hibernate.javax.persistence/hibernate-jpa-2.1-api/1.0.0.Final/5e731d961297e5a07290bfaf3db1fbc8bbbf405a/hibernate-jpa-2.1-api-1.0.0.Final.jar:/home/sa/.gradle/caches/modules-2/files-2.1/org.javassist/javassist/3.20.0-GA/a9cbcdfb7e9f86fbc74d3afae65f2248bfbf82a0/javassist-3.20.0-GA.jar:/home/sa/.gradle/caches/modules-2/files-2.1/antlr/antlr/2.7.7/83cd2cd674a217ade95a4bb83a8a14f351f48bd0/antlr-2.7.7.jar:/home/sa/.gradle/caches/modules-2/files-2.1/org.jboss.spec.javax.transaction/jboss-transaction-api_1.2_spec/1.0.1.Final/4441f144a2a1f46ed48fcc6b476a4b6295e6d524/jboss-transaction-api_1.2_spec-1.0.1.Final.jar:/home/sa/.gradle/caches/modules-2/files-2.1/org.jboss/jandex/2.0.3.Final/bfc4d6257dbff7a33a357f0de116be6ff951d849/jandex-2.0.3.Final.jar:/home/sa/.gradle/caches/modules-2/files-2.1/com.fasterxml/classmate/1.3.0/183407ff982e9375f1a1c4a51ed0a9307c598fc7/classmate-1.3.0.jar:/home/sa/.gradle/caches/modules-2/files-2.1/dom4j/dom4j/1.6.1/5d3ccc056b6f056dbf0dddfdf43894b9065a8f94/dom4j-1.6.1.jar:/home/sa/.gradle/caches/modules-2/files-2.1/org.hamcrest/hamcrest-core/1.3/42a25dc3219429f0e5d060061f71acb49bf010a0/hamcrest-core-1.3.jar, user.name=sa, java.vm.specification.version=1.8, sun.java.command=worker.org.gradle.process.internal.worker.GradleWorkerMain 'Gradle Test Executor 1', java.home=/usr/lib/jvm/java-8-oracle/jre, sun.arch.data.model=64, user.language=en, java.specification.vendor=Oracle Corporation, awt.toolkit=sun.awt.X11.XToolkit, java.vm.info=mixed mode, java.version=1.8.0_161, java.ext.dirs=/usr/lib/jvm/java-8-oracle/jre/lib/ext:/usr/java/packages/lib/ext, sun.boot.class.path=/usr/lib/jvm/java-8-oracle/jre/lib/resources.jar:/usr/lib/jvm/java-8-oracle/jre/lib/rt.jar:/usr/lib/jvm/java-8-oracle/jre/lib/sunrsasign.jar:/usr/lib/jvm/java-8-oracle/jre/lib/jsse.jar:/usr/lib/jvm/java-8-oracle/jre/lib/jce.jar:/usr/lib/jvm/java-8-oracle/jre/lib/charsets.jar:/usr/lib/jvm/java-8-oracle/jre/lib/jfr.jar:/usr/lib/jvm/java-8-oracle/jre/classes, java.vendor=Oracle Corporation, org.gradle.test.worker=1, file.separator=/, java.vendor.url.bug=http://bugreport.sun.com/bugreport/, sun.io.unicode.encoding=UnicodeLittle, sun.cpu.endian=little, sun.desktop=gnome, sun.cpu.isalist=}}, SystemEnvironmentPropertySource@735908999 {name='systemEnvironment', properties={PATH=/usr/local/sbin:/usr/local/bin:/usr/sbin:/usr/bin:/sbin:/bin:/usr/games:/usr/local/games:/snap/bin:/usr/lib/jvm/java-8-oracle/bin:/usr/lib/jvm/java-8-oracle/db/bin:/usr/lib/jvm/java-8-oracle/jre/bin, LC_MEASUREMENT=ru_RU.UTF-8, XAUTHORITY=/home/sa/.Xauthority, XMODIFIERS=@im=ibus, LC_TELEPHONE=ru_RU.UTF-8, XDG_DATA_DIRS=/usr/share/ubuntu:/usr/share/gnome:/usr/local/share:/usr/share:/var/lib/snapd/desktop, GDMSESSION=ubuntu, MANDATORY_PATH=/usr/share/gconf/ubuntu.mandatory.path, LC_TIME=ru_RU.UTF-8, GTK_IM_MODULE=ibus, DBUS_SESSION_BUS_ADDRESS=unix:abstract=/tmp/dbus-5m9CRWvlGS, DEFAULTS_PATH=/usr/share/gconf/ubuntu.default.path, XDG_CURRENT_DESKTOP=Unity, UPSTART_SESSION=unix:abstract=/com/ubuntu/upstart-session/1000/1830, QT4_IM_MODULE=xim, LC_PAPER=ru_RU.UTF-8, SESSION_MANAGER=local/sa-W65-67SF:@/tmp/.ICE-unix/2138,unix/sa-W65-67SF:/tmp/.ICE-unix/2138, QT_LINUX_ACCESSIBILITY_ALWAYS_ON=1, LOGNAME=sa, JOB=unity-settings-daemon, PWD=/home/sa, DERBY_HOME=/usr/lib/jvm/java-8-oracle/db, IM_CONFIG_PHASE=1, LANGUAGE=en_US, SHELL=/bin/bash, LC_ADDRESS=ru_RU.UTF-8, GIO_LAUNCHED_DESKTOP_FILE=/usr/share/applications/intellij-idea-ultimate.desktop, INSTANCE=, GTK2_MODULES=overlay-scrollbar, J2SDKDIR=/usr/lib/jvm/java-8-oracle, OLDPWD=/opt/intellij-idea-ultimate/bin, UPSTART_INSTANCE=, GNOME_DESKTOP_SESSION_ID=this-is-deprecated, GTK_MODULES=gail:atk-bridge:unity-gtk-module, J2REDIR=/usr/lib/jvm/java-8-oracle/jre, CLUTTER_IM_MODULE=xim, XDG_SESSION_PATH=/org/freedesktop/DisplayManager/Session0, COMPIZ_BIN_PATH=/usr/bin/, SESSIONTYPE=gnome-session, XDG_SESSION_DESKTOP=ubuntu, SHLVL=0, LC_IDENTIFICATION=ru_RU.UTF-8, LC_MONETARY=ru_RU.UTF-8, COMPIZ_CONFIG_PROFILE=ubuntu, QT_IM_MODULE=ibus, UPSTART_JOB=unity7, JAVA_HOME=/usr/lib/jvm/java-8-oracle, XDG_CONFIG_DIRS=/etc/xdg/xdg-ubuntu:/usr/share/upstart/xdg:/etc/xdg, GNOME_KEYRING_CONTROL=, LANG=en_US.UTF-8, XDG_SEAT_PATH=/org/freedesktop/DisplayManager/Seat0, XDG_SESSION_ID=c4, XDG_SESSION_TYPE=x11, DISPLAY=:0, IDEA_JDK=/usr/lib/jvm/java-8-oracle, LC_NAME=ru_RU.UTF-8, GDM_LANG=en_US, XDG_GREETER_DATA_DIR=/var/lib/lightdm-data/sa, UPSTART_EVENTS=xsession started, GPG_AGENT_INFO=/home/sa/.gnupg/S.gpg-agent:0:1, DESKTOP_SESSION=ubuntu, SESSION=ubuntu, USER=sa, XDG_MENU_PREFIX=gnome-, GIO_LAUNCHED_DESKTOP_FILE_PID=2613, QT_ACCESSIBILITY=1, LC_NUMERIC=ru_RU.UTF-8, SSH_AUTH_SOCK=/run/user/1000/keyring/ssh, XDG_SEAT=seat0, QT_QPA_PLATFORMTHEME=appmenu-qt5, XDG_VTNR=7, XDG_RUNTIME_DIR=/run/user/1000, HOME=/home/sa, GNOME_KEYRING_PID=}}]
 2018-02-04 11:35:52 INFO  ClassPathXmlApplicationContext:583 - Refreshing org.springframework.context.support.ClassPathXmlApplicationContext@4287a6b2: startup date [Sun Feb 04 11:35:52 MSK 2018]; root of context hierarchy
 2018-02-04 11:35:52 DEBUG StandardEnvironment:106 - Adding PropertySource 'systemProperties' with lowest search precedence
 2018-02-04 11:35:52 DEBUG StandardEnvironment:106 - Adding PropertySource 'systemEnvironment' with lowest search precedence
 2018-02-04 11:35:52 DEBUG StandardEnvironment:124 - Initialized StandardEnvironment with PropertySources [MapPropertySource@1680044382 {name='systemProperties', properties={java.runtime.name=Java(TM) SE Runtime Environment, sun.boot.library.path=/usr/lib/jvm/java-8-oracle/jre/lib/amd64, java.vm.version=25.161-b12, java.vm.vendor=Oracle Corporation, java.vendor.url=http://java.oracle.com/, path.separator=:, java.vm.name=Java HotSpot(TM) 64-Bit Server VM, file.encoding.pkg=sun.io, sun.java.launcher=SUN_STANDARD, user.country=US, sun.os.patch.level=unknown, java.vm.specification.name=Java Virtual Machine Specification, user.dir=/home/sa/IdeaProjects/sport_schedule/backend, java.runtime.version=1.8.0_161-b12, java.awt.graphicsenv=sun.awt.X11GraphicsEnvironment, java.endorsed.dirs=/usr/lib/jvm/java-8-oracle/jre/lib/endorsed, os.arch=amd64, java.io.tmpdir=/tmp, line.separator=
, java.vm.specification.vendor=Oracle Corporation, user.variant=, os.name=Linux, sun.jnu.encoding=UTF-8, java.library.path=/usr/java/packages/lib/amd64:/usr/lib64:/lib64:/lib:/usr/lib, java.specification.name=Java Platform API Specification, java.class.version=52.0, org.gradle.native=false, sun.management.compiler=HotSpot 64-Bit Tiered Compilers, os.version=4.4.0-112-generic, user.home=/home/sa, user.timezone=Europe/Moscow, java.awt.printerjob=sun.print.PSPrinterJob, file.encoding=UTF-8, java.specification.version=1.8, java.class.path=/home/sa/IdeaProjects/sport_schedule/backend/build/classes/java/test:/home/sa/IdeaProjects/sport_schedule/backend/build/resources/test:/home/sa/IdeaProjects/sport_schedule/backend/build/classes/java/main:/home/sa/IdeaProjects/sport_schedule/backend/build/resources/main:/home/sa/.gradle/caches/modules-2/files-2.1/org.apache.tomcat/tomcat-jdbc/8.5.23/6036400a8f2d90dd3ae3a4d09e5136c56002887b/tomcat-jdbc-8.5.23.jar:/home/sa/.gradle/caches/modules-2/files-2.1/org.springframework.security/spring-security-web/4.2.3.RELEASE/7a03e737484ca232d7146852f06d067ac21427ac/spring-security-web-4.2.3.RELEASE.jar:/home/sa/.gradle/caches/modules-2/files-2.1/org.springframework.security/spring-security-config/4.2.3.RELEASE/9f3771903616e33521836fd999d63efbfebf90d/spring-security-config-4.2.3.RELEASE.jar:/home/sa/.gradle/caches/modules-2/files-2.1/org.springframework.security/spring-security-core/4.2.3.RELEASE/5c0e47a47036c94d6fdd02696bf52be6d1adbd4d/spring-security-core-4.2.3.RELEASE.jar:/home/sa/.gradle/caches/modules-2/files-2.1/org.springframework/spring-orm/4.3.12.RELEASE/47bbe35a92944aeedf06a388098581272f8db9bd/spring-orm-4.3.12.RELEASE.jar:/home/sa/.gradle/caches/modules-2/files-2.1/org.springframework/spring-jdbc/4.3.12.RELEASE/5c840abbdc1a1dfd0f79c4a4c25eac0c98e6af22/spring-jdbc-4.3.12.RELEASE.jar:/home/sa/.gradle/caches/modules-2/files-2.1/javax.servlet/javax.servlet-api/3.0.1/6bf0ebb7efd993e222fc1112377b5e92a13b38dd/javax.servlet-api-3.0.1.jar:/home/sa/.gradle/caches/modules-2/files-2.1/javax.servlet/jstl/1.2/74aca283cd4f4b4f3e425f5820cda58f44409547/jstl-1.2.jar:/home/sa/.gradle/caches/modules-2/files-2.1/log4j/log4j/1.2.16/7999a63bfccbc7c247a9aea10d83d4272bd492c6/log4j-1.2.16.jar:/home/sa/.gradle/caches/modules-2/files-2.1/com.google.code.gson/gson/2.8.2/3edcfe49d2c6053a70a2a47e4e1c2f94998a49cf/gson-2.8.2.jar:/home/sa/.gradle/caches/modules-2/files-2.1/postgresql/postgresql/9.1-901-1.jdbc4/9bfabe48876ec38f6cbaa6931bad05c64a9ea942/postgresql-9.1-901-1.jdbc4.jar:/home/sa/.gradle/caches/modules-2/files-2.1/org.springframework/spring-webmvc/4.3.12.RELEASE/986e5dcd4435e780f6be64f8185eaa51523cf851/spring-webmvc-4.3.12.RELEASE.jar:/home/sa/.gradle/caches/modules-2/files-2.1/org.springframework/spring-remoting/2.0.8/e4b7438ec34a8b377ea31a3099b788b23344b431/spring-remoting-2.0.8.jar:/home/sa/.gradle/caches/modules-2/files-2.1/org.springframework/spring-tx/4.3.12.RELEASE/7147b6839b2bf9db3621b79c73b4dddbe69572b6/spring-tx-4.3.12.RELEASE.jar:/home/sa/.gradle/caches/modules-2/files-2.1/org.springframework/spring-web/4.3.12.RELEASE/86c29588cca74d0fc848b194cb13fcdfd12bc990/spring-web-4.3.12.RELEASE.jar:/home/sa/.gradle/caches/modules-2/files-2.1/org.springframework/spring-context/4.3.12.RELEASE/5e6d26f36636f36b7efec1d6a0c5991284fbd95b/spring-context-4.3.12.RELEASE.jar:/home/sa/.gradle/caches/modules-2/files-2.1/org.springframework/spring-aop/4.3.12.RELEASE/b3fef085902993c2ef874c45c7bfd79296d5a5a4/spring-aop-4.3.12.RELEASE.jar:/home/sa/.gradle/caches/modules-2/files-2.1/org.springframework/spring-beans/4.3.12.RELEASE/547dd432d47d0f01d9ccbedc4b705f9f7c1240a/spring-beans-4.3.12.RELEASE.jar:/home/sa/.gradle/caches/modules-2/files-2.1/org.springframework/spring-expression/4.3.12.RELEASE/790f69f6ad7f9da8d4a92c603ad7244c398c8309/spring-expression-4.3.12.RELEASE.jar:/home/sa/.gradle/caches/modules-2/files-2.1/org.springframework/spring-core/4.3.12.RELEASE/4cebc69478c6d350dbd5af28e3db7d5694f416e3/spring-core-4.3.12.RELEASE.jar:/home/sa/.gradle/caches/modules-2/files-2.1/org.hibernate/hibernate-core/5.2.12.Final/ea479b6692e22c9b642dd4142db670e92d106544/hibernate-core-5.2.12.Final.jar:/home/sa/.gradle/caches/modules-2/files-2.1/org.jetbrains/annotations/13.0/919f0dfe192fb4e063e7dacadee7f8bb9a2672a9/annotations-13.0.jar:/home/sa/.gradle/caches/modules-2/files-2.1/junit/junit/4.12/2973d150c0dc1fefe998f834810d68f278ea58ec/junit-4.12.jar:/home/sa/.gradle/caches/modules-2/files-2.1/org.apache.tomcat/tomcat-juli/8.5.23/98e7f0610b7b2fb8303f11be0210e3f5a56a7d55/tomcat-juli-8.5.23.jar:/home/sa/.gradle/caches/modules-2/files-2.1/aopalliance/aopalliance/1.0/235ba8b489512805ac13a8f9ea77a1ca5ebe3e8/aopalliance-1.0.jar:/home/sa/.gradle/caches/modules-2/files-2.1/commons-logging/commons-logging/1.2/4bfc12adfe4842bf07b657f0369c4cb522955686/commons-logging-1.2.jar:/home/sa/.gradle/caches/modules-2/files-2.1/org.hibernate.common/hibernate-commons-annotations/5.0.1.Final/71e1cff3fcb20d3b3af4f3363c3ddb24d33c6879/hibernate-commons-annotations-5.0.1.Final.jar:/home/sa/.gradle/caches/modules-2/files-2.1/org.jboss.logging/jboss-logging/3.3.0.Final/3616bb87707910296e2c195dc016287080bba5af/jboss-logging-3.3.0.Final.jar:/home/sa/.gradle/caches/modules-2/files-2.1/org.hibernate.javax.persistence/hibernate-jpa-2.1-api/1.0.0.Final/5e731d961297e5a07290bfaf3db1fbc8bbbf405a/hibernate-jpa-2.1-api-1.0.0.Final.jar:/home/sa/.gradle/caches/modules-2/files-2.1/org.javassist/javassist/3.20.0-GA/a9cbcdfb7e9f86fbc74d3afae65f2248bfbf82a0/javassist-3.20.0-GA.jar:/home/sa/.gradle/caches/modules-2/files-2.1/antlr/antlr/2.7.7/83cd2cd674a217ade95a4bb83a8a14f351f48bd0/antlr-2.7.7.jar:/home/sa/.gradle/caches/modules-2/files-2.1/org.jboss.spec.javax.transaction/jboss-transaction-api_1.2_spec/1.0.1.Final/4441f144a2a1f46ed48fcc6b476a4b6295e6d524/jboss-transaction-api_1.2_spec-1.0.1.Final.jar:/home/sa/.gradle/caches/modules-2/files-2.1/org.jboss/jandex/2.0.3.Final/bfc4d6257dbff7a33a357f0de116be6ff951d849/jandex-2.0.3.Final.jar:/home/sa/.gradle/caches/modules-2/files-2.1/com.fasterxml/classmate/1.3.0/183407ff982e9375f1a1c4a51ed0a9307c598fc7/classmate-1.3.0.jar:/home/sa/.gradle/caches/modules-2/files-2.1/dom4j/dom4j/1.6.1/5d3ccc056b6f056dbf0dddfdf43894b9065a8f94/dom4j-1.6.1.jar:/home/sa/.gradle/caches/modules-2/files-2.1/org.hamcrest/hamcrest-core/1.3/42a25dc3219429f0e5d060061f71acb49bf010a0/hamcrest-core-1.3.jar, user.name=sa, java.vm.specification.version=1.8, sun.java.command=worker.org.gradle.process.internal.worker.GradleWorkerMain 'Gradle Test Executor 1', java.home=/usr/lib/jvm/java-8-oracle/jre, sun.arch.data.model=64, user.language=en, java.specification.vendor=Oracle Corporation, awt.toolkit=sun.awt.X11.XToolkit, java.vm.info=mixed mode, java.version=1.8.0_161, java.ext.dirs=/usr/lib/jvm/java-8-oracle/jre/lib/ext:/usr/java/packages/lib/ext, sun.boot.class.path=/usr/lib/jvm/java-8-oracle/jre/lib/resources.jar:/usr/lib/jvm/java-8-oracle/jre/lib/rt.jar:/usr/lib/jvm/java-8-oracle/jre/lib/sunrsasign.jar:/usr/lib/jvm/java-8-oracle/jre/lib/jsse.jar:/usr/lib/jvm/java-8-oracle/jre/lib/jce.jar:/usr/lib/jvm/java-8-oracle/jre/lib/charsets.jar:/usr/lib/jvm/java-8-oracle/jre/lib/jfr.jar:/usr/lib/jvm/java-8-oracle/jre/classes, java.vendor=Oracle Corporation, org.gradle.test.worker=1, file.separator=/, java.vendor.url.bug=http://bugreport.sun.com/bugreport/, sun.io.unicode.encoding=UnicodeLittle, sun.cpu.endian=little, sun.desktop=gnome, sun.cpu.isalist=}}, SystemEnvironmentPropertySource@12225110 {name='systemEnvironment', properties={PATH=/usr/local/sbin:/usr/local/bin:/usr/sbin:/usr/bin:/sbin:/bin:/usr/games:/usr/local/games:/snap/bin:/usr/lib/jvm/java-8-oracle/bin:/usr/lib/jvm/java-8-oracle/db/bin:/usr/lib/jvm/java-8-oracle/jre/bin, LC_MEASUREMENT=ru_RU.UTF-8, XAUTHORITY=/home/sa/.Xauthority, XMODIFIERS=@im=ibus, LC_TELEPHONE=ru_RU.UTF-8, XDG_DATA_DIRS=/usr/share/ubuntu:/usr/share/gnome:/usr/local/share:/usr/share:/var/lib/snapd/desktop, GDMSESSION=ubuntu, MANDATORY_PATH=/usr/share/gconf/ubuntu.mandatory.path, LC_TIME=ru_RU.UTF-8, GTK_IM_MODULE=ibus, DBUS_SESSION_BUS_ADDRESS=unix:abstract=/tmp/dbus-5m9CRWvlGS, DEFAULTS_PATH=/usr/share/gconf/ubuntu.default.path, XDG_CURRENT_DESKTOP=Unity, UPSTART_SESSION=unix:abstract=/com/ubuntu/upstart-session/1000/1830, QT4_IM_MODULE=xim, LC_PAPER=ru_RU.UTF-8, SESSION_MANAGER=local/sa-W65-67SF:@/tmp/.ICE-unix/2138,unix/sa-W65-67SF:/tmp/.ICE-unix/2138, QT_LINUX_ACCESSIBILITY_ALWAYS_ON=1, LOGNAME=sa, JOB=unity-settings-daemon, PWD=/home/sa, DERBY_HOME=/usr/lib/jvm/java-8-oracle/db, IM_CONFIG_PHASE=1, LANGUAGE=en_US, SHELL=/bin/bash, LC_ADDRESS=ru_RU.UTF-8, GIO_LAUNCHED_DESKTOP_FILE=/usr/share/applications/intellij-idea-ultimate.desktop, INSTANCE=, GTK2_MODULES=overlay-scrollbar, J2SDKDIR=/usr/lib/jvm/java-8-oracle, OLDPWD=/opt/intellij-idea-ultimate/bin, UPSTART_INSTANCE=, GNOME_DESKTOP_SESSION_ID=this-is-deprecated, GTK_MODULES=gail:atk-bridge:unity-gtk-module, J2REDIR=/usr/lib/jvm/java-8-oracle/jre, CLUTTER_IM_MODULE=xim, XDG_SESSION_PATH=/org/freedesktop/DisplayManager/Session0, COMPIZ_BIN_PATH=/usr/bin/, SESSIONTYPE=gnome-session, XDG_SESSION_DESKTOP=ubuntu, SHLVL=0, LC_IDENTIFICATION=ru_RU.UTF-8, LC_MONETARY=ru_RU.UTF-8, COMPIZ_CONFIG_PROFILE=ubuntu, QT_IM_MODULE=ibus, UPSTART_JOB=unity7, JAVA_HOME=/usr/lib/jvm/java-8-oracle, XDG_CONFIG_DIRS=/etc/xdg/xdg-ubuntu:/usr/share/upstart/xdg:/etc/xdg, GNOME_KEYRING_CONTROL=, LANG=en_US.UTF-8, XDG_SEAT_PATH=/org/freedesktop/DisplayManager/Seat0, XDG_SESSION_ID=c4, XDG_SESSION_TYPE=x11, DISPLAY=:0, IDEA_JDK=/usr/lib/jvm/java-8-oracle, LC_NAME=ru_RU.UTF-8, GDM_LANG=en_US, XDG_GREETER_DATA_DIR=/var/lib/lightdm-data/sa, UPSTART_EVENTS=xsession started, GPG_AGENT_INFO=/home/sa/.gnupg/S.gpg-agent:0:1, DESKTOP_SESSION=ubuntu, SESSION=ubuntu, USER=sa, XDG_MENU_PREFIX=gnome-, GIO_LAUNCHED_DESKTOP_FILE_PID=2613, QT_ACCESSIBILITY=1, LC_NUMERIC=ru_RU.UTF-8, SSH_AUTH_SOCK=/run/user/1000/keyring/ssh, XDG_SEAT=seat0, QT_QPA_PLATFORMTHEME=appmenu-qt5, XDG_VTNR=7, XDG_RUNTIME_DIR=/run/user/1000, HOME=/home/sa, GNOME_KEYRING_PID=}}]
 2018-02-04 11:35:52 INFO  XmlBeanDefinitionReader:317 - Loading XML bean definitions from class path resource [database.xml]
 2018-02-04 11:35:52 DEBUG DefaultDocumentLoader:73 - Using JAXP provider [com.sun.org.apache.xerces.internal.jaxp.DocumentBuilderFactoryImpl]
 2018-02-04 11:35:52 DEBUG PluggableSchemaResolver:141 - Loading schema mappings from [META-INF/spring.schemas]
 2018-02-04 11:35:52 DEBUG PluggableSchemaResolver:147 - Loaded schema mappings: {http://www.springframework.org/schema/tx/spring-tx-2.5.xsd=org/springframework/transaction/config/spring-tx-2.5.xsd, http://www.springframework.org/schema/tx/spring-tx-4.3.xsd=org/springframework/transaction/config/spring-tx-4.3.xsd, http://www.springframework.org/schema/cache/spring-cache-4.2.xsd=org/springframework/cache/config/spring-cache-4.2.xsd, http://www.springframework.org/schema/aop/spring-aop-4.1.xsd=org/springframework/aop/config/spring-aop-4.1.xsd, http://www.springframework.org/schema/context/spring-context-3.1.xsd=org/springframework/context/config/spring-context-3.1.xsd, http://www.springframework.org/schema/jdbc/spring-jdbc-4.1.xsd=org/springframework/jdbc/config/spring-jdbc-4.1.xsd, http://www.springframework.org/schema/util/spring-util-3.0.xsd=org/springframework/beans/factory/xml/spring-util-3.0.xsd, http://www.springframework.org/schema/mvc/spring-mvc-4.1.xsd=org/springframework/web/servlet/config/spring-mvc-4.1.xsd, http://www.springframework.org/schema/security/spring-security-3.0.3.xsd=org/springframework/security/config/spring-security-3.0.3.xsd, http://www.springframework.org/schema/tool/spring-tool.xsd=org/springframework/beans/factory/xml/spring-tool-4.3.xsd, http://www.springframework.org/schema/aop/spring-aop-3.2.xsd=org/springframework/aop/config/spring-aop-3.2.xsd, http://www.springframework.org/schema/security/spring-security-2.0.1.xsd=org/springframework/security/config/spring-security-2.0.1.xsd, http://www.springframework.org/schema/lang/spring-lang-4.1.xsd=org/springframework/scripting/config/spring-lang-4.1.xsd, http://www.springframework.org/schema/context/spring-context-4.0.xsd=org/springframework/context/config/spring-context-4.0.xsd, http://www.springframework.org/schema/mvc/spring-mvc-3.2.xsd=org/springframework/web/servlet/config/spring-mvc-3.2.xsd, http://www.springframework.org/schema/beans/spring-beans-4.2.xsd=org/springframework/beans/factory/xml/spring-beans-4.2.xsd, http://www.springframework.org/schema/tool/spring-tool-4.1.xsd=org/springframework/beans/factory/xml/spring-tool-4.1.xsd, http://www.springframework.org/schema/lang/spring-lang-3.2.xsd=org/springframework/scripting/config/spring-lang-3.2.xsd, http://www.springframework.org/schema/cache/spring-cache-3.2.xsd=org/springframework/cache/config/spring-cache-3.2.xsd, http://www.springframework.org/schema/jee/spring-jee-4.1.xsd=org/springframework/ejb/config/spring-jee-4.1.xsd, http://www.springframework.org/schema/jdbc/spring-jdbc-3.1.xsd=org/springframework/jdbc/config/spring-jdbc-3.1.xsd, http://www.springframework.org/schema/util/spring-util-2.0.xsd=org/springframework/beans/factory/xml/spring-util-2.0.xsd, http://www.springframework.org/schema/task/spring-task-4.2.xsd=org/springframework/scheduling/config/spring-task-4.2.xsd, http://www.springframework.org/schema/tool/spring-tool-3.2.xsd=org/springframework/beans/factory/xml/spring-tool-3.2.xsd, http://www.springframework.org/schema/context/spring-context.xsd=org/springframework/context/config/spring-context-4.3.xsd, http://www.springframework.org/schema/tx/spring-tx-4.2.xsd=org/springframework/transaction/config/spring-tx-4.2.xsd, http://www.springframework.org/schema/cache/spring-cache-4.1.xsd=org/springframework/cache/config/spring-cache-4.1.xsd, http://www.springframework.org/schema/aop/spring-aop-4.0.xsd=org/springframework/aop/config/spring-aop-4.0.xsd, http://www.springframework.org/schema/security/spring-security-2.0.xsd=org/springframework/security/config/spring-security-2.0.xsd, http://www.springframework.org/schema/jee/spring-jee-3.2.xsd=org/springframework/ejb/config/spring-jee-3.2.xsd, http://www.springframework.org/schema/context/spring-context-3.0.xsd=org/springframework/context/config/spring-context-3.0.xsd, http://www.springframework.org/schema/jdbc/spring-jdbc-4.0.xsd=org/springframework/jdbc/config/spring-jdbc-4.0.xsd, http://www.springframework.org/schema/util/spring-util-4.3.xsd=org/springframework/beans/factory/xml/spring-util-4.3.xsd, http://www.springframework.org/schema/util/spring-util-2.5.xsd=org/springframework/beans/factory/xml/spring-util-2.5.xsd, http://www.springframework.org/schema/mvc/spring-mvc-4.0.xsd=org/springframework/web/servlet/config/spring-mvc-4.0.xsd, http://www.springframework.org/schema/beans/spring-beans-3.2.xsd=org/springframework/beans/factory/xml/spring-beans-3.2.xsd, http://www.springframework.org/schema/aop/spring-aop-3.1.xsd=org/springframework/aop/config/spring-aop-3.1.xsd, http://www.springframework.org/schema/lang/spring-lang-4.0.xsd=org/springframework/scripting/config/spring-lang-4.0.xsd, http://www.springframework.org/schema/mvc/spring-mvc.xsd=org/springframework/web/servlet/config/spring-mvc-4.3.xsd, http://www.springframework.org/schema/mvc/spring-mvc-3.1.xsd=org/springframework/web/servlet/config/spring-mvc-3.1.xsd, http://www.springframework.org/schema/beans/spring-beans-4.1.xsd=org/springframework/beans/factory/xml/spring-beans-4.1.xsd, http://www.springframework.org/schema/tool/spring-tool-4.0.xsd=org/springframework/beans/factory/xml/spring-tool-4.0.xsd, http://www.springframework.org/schema/lang/spring-lang-3.1.xsd=org/springframework/scripting/config/spring-lang-3.1.xsd, http://www.springframework.org/schema/tx/spring-tx-3.2.xsd=org/springframework/transaction/config/spring-tx-3.2.xsd, http://www.springframework.org/schema/cache/spring-cache-3.1.xsd=org/springframework/cache/config/spring-cache-3.1.xsd, http://www.springframework.org/schema/jee/spring-jee-4.0.xsd=org/springframework/ejb/config/spring-jee-4.0.xsd, http://www.springframework.org/schema/jdbc/spring-jdbc-3.0.xsd=org/springframework/jdbc/config/spring-jdbc-3.0.xsd, http://www.springframework.org/schema/task/spring-task-4.1.xsd=org/springframework/scheduling/config/spring-task-4.1.xsd, http://www.springframework.org/schema/tool/spring-tool-3.1.xsd=org/springframework/beans/factory/xml/spring-tool-3.1.xsd, http://www.springframework.org/schema/jdbc/spring-jdbc.xsd=org/springframework/jdbc/config/spring-jdbc-4.3.xsd, http://www.springframework.org/schema/tx/spring-tx-4.1.xsd=org/springframework/transaction/config/spring-tx-4.1.xsd, http://www.springframework.org/schema/cache/spring-cache-4.0.xsd=org/springframework/cache/config/spring-cache-4.0.xsd, http://www.springframework.org/schema/jee/spring-jee-3.1.xsd=org/springframework/ejb/config/spring-jee-3.1.xsd, http://www.springframework.org/schema/util/spring-util-4.2.xsd=org/springframework/beans/factory/xml/spring-util-4.2.xsd, http://www.springframework.org/schema/task/spring-task-3.2.xsd=org/springframework/scheduling/config/spring-task-3.2.xsd, http://www.springframework.org/schema/beans/spring-beans-3.1.xsd=org/springframework/beans/factory/xml/spring-beans-3.1.xsd, http://www.springframework.org/schema/util/spring-util.xsd=org/springframework/beans/factory/xml/spring-util-4.3.xsd, http://www.springframework.org/schema/aop/spring-aop-3.0.xsd=org/springframework/aop/config/spring-aop-3.0.xsd, http://www.springframework.org/schema/security/spring-security-4.2.xsd=org/springframework/security/config/spring-security-4.2.xsd, http://www.springframework.org/schema/mvc/spring-mvc-3.0.xsd=org/springframework/web/servlet/config/spring-mvc-3.0.xsd, http://www.springframework.org/schema/beans/spring-beans-4.0.xsd=org/springframework/beans/factory/xml/spring-beans-4.0.xsd, http://www.springframework.org/schema/beans/spring-beans.xsd=org/springframework/beans/factory/xml/spring-beans-4.3.xsd, http://www.springframework.org/schema/security/spring-security-2.0.4.xsd=org/springframework/security/config/spring-security-2.0.4.xsd, http://www.springframework.org/schema/lang/spring-lang-3.0.xsd=org/springframework/scripting/config/spring-lang-3.0.xsd, http://www.springframework.org/schema/tx/spring-tx-3.1.xsd=org/springframework/transaction/config/spring-tx-3.1.xsd, http://www.springframework.org/schema/context/spring-context-2.5.xsd=org/springframework/context/config/spring-context-2.5.xsd, http://www.springframework.org/schema/context/spring-context-4.3.xsd=org/springframework/context/config/spring-context-4.3.xsd, http://www.springframework.org/schema/task/spring-task-4.0.xsd=org/springframework/scheduling/config/spring-task-4.0.xsd, http://www.springframework.org/schema/tool/spring-tool-3.0.xsd=org/springframework/beans/factory/xml/spring-tool-3.0.xsd, http://www.springframework.org/schema/tx/spring-tx-4.0.xsd=org/springframework/transaction/config/spring-tx-4.0.xsd, http://www.springframework.org/schema/aop/spring-aop-2.0.xsd=org/springframework/aop/config/spring-aop-2.0.xsd, http://www.springframework.org/schema/security/spring-security-3.2.xsd=org/springframework/security/config/spring-security-3.2.xsd, http://www.springframework.org/schema/jee/spring-jee-3.0.xsd=org/springframework/ejb/config/spring-jee-3.0.xsd, http://www.springframework.org/schema/util/spring-util-4.1.xsd=org/springframework/beans/factory/xml/spring-util-4.1.xsd, http://www.springframework.org/schema/task/spring-task-3.1.xsd=org/springframework/scheduling/config/spring-task-3.1.xsd, http://www.springframework.org/schema/beans/spring-beans-3.0.xsd=org/springframework/beans/factory/xml/spring-beans-3.0.xsd, http://www.springframework.org/schema/jee/spring-jee.xsd=org/springframework/ejb/config/spring-jee-4.3.xsd, http://www.springframework.org/schema/aop/spring-aop-4.3.xsd=org/springframework/aop/config/spring-aop-4.3.xsd, http://www.springframework.org/schema/aop/spring-aop-2.5.xsd=org/springframework/aop/config/spring-aop-2.5.xsd, http://www.springframework.org/schema/lang/spring-lang-2.0.xsd=org/springframework/scripting/config/spring-lang-2.0.xsd, http://www.springframework.org/schema/security/spring-security-4.1.xsd=org/springframework/security/config/spring-security-4.1.xsd, http://www.springframework.org/schema/jdbc/spring-jdbc-4.3.xsd=org/springframework/jdbc/config/spring-jdbc-4.3.xsd, http://www.springframework.org/schema/util/spring-util-3.2.xsd=org/springframework/beans/factory/xml/spring-util-3.2.xsd, http://www.springframework.org/schema/mvc/spring-mvc-4.3.xsd=org/springframework/web/servlet/config/spring-mvc-4.3.xsd, http://www.springframework.org/schema/task/spring-task.xsd=org/springframework/scheduling/config/spring-task-4.3.xsd, http://www.springframework.org/schema/tool/spring-tool-2.0.xsd=org/springframework/beans/factory/xml/spring-tool-2.0.xsd, http://www.springframework.org/schema/tx/spring-tx-3.0.xsd=org/springframework/transaction/config/spring-tx-3.0.xsd, http://www.springframework.org/schema/lang/spring-lang-2.5.xsd=org/springframework/scripting/config/spring-lang-2.5.xsd, http://www.springframework.org/schema/lang/spring-lang-4.3.xsd=org/springframework/scripting/config/spring-lang-4.3.xsd, http://www.springframework.org/schema/context/spring-context-4.2.xsd=org/springframework/context/config/spring-context-4.2.xsd, http://www.springframework.org/schema/jee/spring-jee-2.0.xsd=org/springframework/ejb/config/spring-jee-2.0.xsd, http://www.springframework.org/schema/tool/spring-tool-4.3.xsd=org/springframework/beans/factory/xml/spring-tool-4.3.xsd, http://www.springframework.org/schema/tool/spring-tool-2.5.xsd=org/springframework/beans/factory/xml/spring-tool-2.5.xsd, http://www.springframework.org/schema/jee/spring-jee-4.3.xsd=org/springframework/ejb/config/spring-jee-4.3.xsd, http://www.springframework.org/schema/jee/spring-jee-2.5.xsd=org/springframework/ejb/config/spring-jee-2.5.xsd, http://www.springframework.org/schema/security/spring-security-3.1.xsd=org/springframework/security/config/spring-security-3.1.xsd, http://www.springframework.org/schema/util/spring-util-4.0.xsd=org/springframework/beans/factory/xml/spring-util-4.0.xsd, http://www.springframework.org/schema/task/spring-task-3.0.xsd=org/springframework/scheduling/config/spring-task-3.0.xsd, http://www.springframework.org/schema/cache/spring-cache-4.3.xsd=org/springframework/cache/config/spring-cache-4.3.xsd, http://www.springframework.org/schema/aop/spring-aop-4.2.xsd=org/springframework/aop/config/spring-aop-4.2.xsd, http://www.springframework.org/schema/security/spring-security-4.0.xsd=org/springframework/security/config/spring-security-4.0.xsd, http://www.springframework.org/schema/lang/spring-lang.xsd=org/springframework/scripting/config/spring-lang-4.3.xsd, http://www.springframework.org/schema/context/spring-context-3.2.xsd=org/springframework/context/config/spring-context-3.2.xsd, http://www.springframework.org/schema/jdbc/spring-jdbc-4.2.xsd=org/springframework/jdbc/config/spring-jdbc-4.2.xsd, http://www.springframework.org/schema/util/spring-util-3.1.xsd=org/springframework/beans/factory/xml/spring-util-3.1.xsd, http://www.springframework.org/schema/mvc/spring-mvc-4.2.xsd=org/springframework/web/servlet/config/spring-mvc-4.2.xsd, http://www.springframework.org/schema/beans/spring-beans-2.0.xsd=org/springframework/beans/factory/xml/spring-beans-2.0.xsd, http://www.springframework.org/schema/cache/spring-cache.xsd=org/springframework/cache/config/spring-cache-4.3.xsd, http://www.springframework.org/schema/tx/spring-tx.xsd=org/springframework/transaction/config/spring-tx-4.3.xsd, http://www.springframework.org/schema/security/spring-security-2.0.2.xsd=org/springframework/security/config/spring-security-2.0.2.xsd, http://www.springframework.org/schema/lang/spring-lang-4.2.xsd=org/springframework/scripting/config/spring-lang-4.2.xsd, http://www.springframework.org/schema/context/spring-context-4.1.xsd=org/springframework/context/config/spring-context-4.1.xsd, http://www.springframework.org/schema/beans/spring-beans-4.3.xsd=org/springframework/beans/factory/xml/spring-beans-4.3.xsd, http://www.springframework.org/schema/beans/spring-beans-2.5.xsd=org/springframework/beans/factory/xml/spring-beans-2.5.xsd, http://www.springframework.org/schema/tool/spring-tool-4.2.xsd=org/springframework/beans/factory/xml/spring-tool-4.2.xsd, http://www.springframework.org/schema/tx/spring-tx-2.0.xsd=org/springframework/transaction/config/spring-tx-2.0.xsd, http://www.springframework.org/schema/security/spring-security.xsd=org/springframework/security/config/spring-security-4.2.xsd, http://www.springframework.org/schema/security/spring-security-3.0.xsd=org/springframework/security/config/spring-security-3.0.xsd, http://www.springframework.org/schema/jee/spring-jee-4.2.xsd=org/springframework/ejb/config/spring-jee-4.2.xsd, http://www.springframework.org/schema/jdbc/spring-jdbc-3.2.xsd=org/springframework/jdbc/config/spring-jdbc-3.2.xsd, http://www.springframework.org/schema/aop/spring-aop.xsd=org/springframework/aop/config/spring-aop-4.3.xsd, http://www.springframework.org/schema/task/spring-task-4.3.xsd=org/springframework/scheduling/config/spring-task-4.3.xsd}
 2018-02-04 11:35:52 DEBUG PluggableSchemaResolver:119 - Found XML schema [http://www.springframework.org/schema/beans/spring-beans.xsd] in classpath: org/springframework/beans/factory/xml/spring-beans-4.3.xsd
 2018-02-04 11:35:52 DEBUG PluggableSchemaResolver:119 - Found XML schema [http://www.springframework.org/schema/context/spring-context.xsd] in classpath: org/springframework/context/config/spring-context-4.3.xsd
 2018-02-04 11:35:52 DEBUG PluggableSchemaResolver:119 - Found XML schema [http://www.springframework.org/schema/tool/spring-tool-4.3.xsd] in classpath: org/springframework/beans/factory/xml/spring-tool-4.3.xsd
 2018-02-04 11:35:52 DEBUG DefaultBeanDefinitionDocumentReader:92 - Loading bean definitions
 2018-02-04 11:35:52 DEBUG DefaultNamespaceHandlerResolver:157 - Loaded NamespaceHandler mappings: {http://www.springframework.org/schema/p=org.springframework.beans.factory.xml.SimplePropertyNamespaceHandler, http://www.springframework.org/schema/mvc=org.springframework.web.servlet.config.MvcNamespaceHandler, http://www.springframework.org/schema/util=org.springframework.beans.factory.xml.UtilNamespaceHandler, http://www.springframework.org/schema/jee=org.springframework.ejb.config.JeeNamespaceHandler, http://www.springframework.org/schema/aop=org.springframework.aop.config.AopNamespaceHandler, http://www.springframework.org/schema/jdbc=org.springframework.jdbc.config.JdbcNamespaceHandler, http://www.springframework.org/schema/cache=org.springframework.cache.config.CacheNamespaceHandler, http://www.springframework.org/schema/c=org.springframework.beans.factory.xml.SimpleConstructorNamespaceHandler, http://www.springframework.org/schema/security=org.springframework.security.config.SecurityNamespaceHandler, http://www.springframework.org/schema/tx=org.springframework.transaction.config.TxNamespaceHandler, http://www.springframework.org/schema/task=org.springframework.scheduling.config.TaskNamespaceHandler, http://www.springframework.org/schema/lang=org.springframework.scripting.config.LangNamespaceHandler, http://www.springframework.org/schema/context=org.springframework.context.config.ContextNamespaceHandler}
 2018-02-04 11:35:52 DEBUG PathMatchingResourcePatternResolver:318 - Resolved classpath location [db/dao/hiber/] to resources [URL [file:/home/sa/IdeaProjects/sport_schedule/backend/build/classes/java/test/db/dao/hiber/], URL [file:/home/sa/IdeaProjects/sport_schedule/backend/build/classes/java/main/db/dao/hiber/]]
 2018-02-04 11:35:52 DEBUG PathMatchingResourcePatternResolver:736 - Looking for matching resources in directory tree [/home/sa/IdeaProjects/sport_schedule/backend/build/classes/java/test/db/dao/hiber]
 2018-02-04 11:35:52 DEBUG PathMatchingResourcePatternResolver:798 - Searching directory [/home/sa/IdeaProjects/sport_schedule/backend/build/classes/java/test/db/dao/hiber] for files matching pattern [/home/sa/IdeaProjects/sport_schedule/backend/build/classes/java/test/db/dao/hiber/**/*.class]
 2018-02-04 11:35:52 DEBUG PathMatchingResourcePatternResolver:736 - Looking for matching resources in directory tree [/home/sa/IdeaProjects/sport_schedule/backend/build/classes/java/main/db/dao/hiber]
 2018-02-04 11:35:52 DEBUG PathMatchingResourcePatternResolver:798 - Searching directory [/home/sa/IdeaProjects/sport_schedule/backend/build/classes/java/main/db/dao/hiber] for files matching pattern [/home/sa/IdeaProjects/sport_schedule/backend/build/classes/java/main/db/dao/hiber/**/*.class]
 2018-02-04 11:35:52 DEBUG PathMatchingResourcePatternResolver:505 - Resolved location pattern [classpath*:db/dao/hiber/**/*.class] to resources [file [/home/sa/IdeaProjects/sport_schedule/backend/build/classes/java/test/db/dao/hiber/SexDAOImplTest.class], file [/home/sa/IdeaProjects/sport_schedule/backend/build/classes/java/main/db/dao/hiber/AdminDAOImpl.class], file [/home/sa/IdeaProjects/sport_schedule/backend/build/classes/java/main/db/dao/hiber/ExerciseDAOImpl.class], file [/home/sa/IdeaProjects/sport_schedule/backend/build/classes/java/main/db/dao/hiber/ExerciseDataDAOImpl.class], file [/home/sa/IdeaProjects/sport_schedule/backend/build/classes/java/main/db/dao/hiber/PersonDAOImpl.class], file [/home/sa/IdeaProjects/sport_schedule/backend/build/classes/java/main/db/dao/hiber/SexDAOImpl.class], file [/home/sa/IdeaProjects/sport_schedule/backend/build/classes/java/main/db/dao/hiber/StateDAOImpl.class], file [/home/sa/IdeaProjects/sport_schedule/backend/build/classes/java/main/db/dao/hiber/TrainingDAOImpl.class], file [/home/sa/IdeaProjects/sport_schedule/backend/build/classes/java/main/db/dao/hiber/UserDataDAOImpl.class]]
 2018-02-04 11:35:52 DEBUG ClassPathBeanDefinitionScanner:294 - Identified candidate component class: file [/home/sa/IdeaProjects/sport_schedule/backend/build/classes/java/main/db/dao/hiber/AdminDAOImpl.class]
 2018-02-04 11:35:52 DEBUG ClassPathBeanDefinitionScanner:294 - Identified candidate component class: file [/home/sa/IdeaProjects/sport_schedule/backend/build/classes/java/main/db/dao/hiber/ExerciseDAOImpl.class]
 2018-02-04 11:35:52 DEBUG ClassPathBeanDefinitionScanner:294 - Identified candidate component class: file [/home/sa/IdeaProjects/sport_schedule/backend/build/classes/java/main/db/dao/hiber/ExerciseDataDAOImpl.class]
 2018-02-04 11:35:52 DEBUG ClassPathBeanDefinitionScanner:294 - Identified candidate component class: file [/home/sa/IdeaProjects/sport_schedule/backend/build/classes/java/main/db/dao/hiber/PersonDAOImpl.class]
 2018-02-04 11:35:52 DEBUG ClassPathBeanDefinitionScanner:294 - Identified candidate component class: file [/home/sa/IdeaProjects/sport_schedule/backend/build/classes/java/main/db/dao/hiber/SexDAOImpl.class]
 2018-02-04 11:35:52 DEBUG ClassPathBeanDefinitionScanner:294 - Identified candidate component class: file [/home/sa/IdeaProjects/sport_schedule/backend/build/classes/java/main/db/dao/hiber/StateDAOImpl.class]
 2018-02-04 11:35:52 DEBUG ClassPathBeanDefinitionScanner:294 - Identified candidate component class: file [/home/sa/IdeaProjects/sport_schedule/backend/build/classes/java/main/db/dao/hiber/TrainingDAOImpl.class]
 2018-02-04 11:35:52 DEBUG ClassPathBeanDefinitionScanner:294 - Identified candidate component class: file [/home/sa/IdeaProjects/sport_schedule/backend/build/classes/java/main/db/dao/hiber/UserDataDAOImpl.class]
 2018-02-04 11:35:53 DEBUG XmlBeanDefinitionReader:224 - Loaded 18 bean definitions from location pattern [database.xml]
 2018-02-04 11:35:53 DEBUG ClassPathXmlApplicationContext:617 - Bean factory for org.springframework.context.support.ClassPathXmlApplicationContext@4287a6b2: org.springframework.beans.factory.support.DefaultListableBeanFactory@24839cf4: defining beans [adminDAOImpl,exerciseDAOImpl,exerciseDataDAOImpl,personDAOImpl,sexDAOImpl,stateDAOImpl,trainingDAOImpl,userDataDAOImpl,org.springframework.context.annotation.internalConfigurationAnnotationProcessor,org.springframework.context.annotation.internalAutowiredAnnotationProcessor,org.springframework.context.annotation.internalRequiredAnnotationProcessor,org.springframework.context.annotation.internalCommonAnnotationProcessor,org.springframework.context.annotation.internalPersistenceAnnotationProcessor,org.springframework.context.event.internalEventListenerProcessor,org.springframework.context.event.internalEventListenerFactory,dataSource,sessionFactory,transactionManager]; root of factory hierarchy
 2018-02-04 11:35:53 DEBUG DefaultListableBeanFactory:221 - Creating shared instance of singleton bean 'org.springframework.context.annotation.internalConfigurationAnnotationProcessor'
 2018-02-04 11:35:53 DEBUG DefaultListableBeanFactory:449 - Creating instance of bean 'org.springframework.context.annotation.internalConfigurationAnnotationProcessor'
 2018-02-04 11:35:53 DEBUG DefaultListableBeanFactory:539 - Eagerly caching bean 'org.springframework.context.annotation.internalConfigurationAnnotationProcessor' to allow for resolving potential circular references
 2018-02-04 11:35:53 DEBUG DefaultListableBeanFactory:485 - Finished creating instance of bean 'org.springframework.context.annotation.internalConfigurationAnnotationProcessor'
 2018-02-04 11:35:53 DEBUG DefaultListableBeanFactory:221 - Creating shared instance of singleton bean 'org.springframework.context.annotation.internalAutowiredAnnotationProcessor'
 2018-02-04 11:35:53 DEBUG DefaultListableBeanFactory:449 - Creating instance of bean 'org.springframework.context.annotation.internalAutowiredAnnotationProcessor'
 2018-02-04 11:35:53 DEBUG DefaultListableBeanFactory:539 - Eagerly caching bean 'org.springframework.context.annotation.internalAutowiredAnnotationProcessor' to allow for resolving potential circular references
 2018-02-04 11:35:53 DEBUG DefaultListableBeanFactory:485 - Finished creating instance of bean 'org.springframework.context.annotation.internalAutowiredAnnotationProcessor'
 2018-02-04 11:35:53 DEBUG DefaultListableBeanFactory:221 - Creating shared instance of singleton bean 'org.springframework.context.annotation.internalRequiredAnnotationProcessor'
 2018-02-04 11:35:53 DEBUG DefaultListableBeanFactory:449 - Creating instance of bean 'org.springframework.context.annotation.internalRequiredAnnotationProcessor'
 2018-02-04 11:35:53 DEBUG DefaultListableBeanFactory:539 - Eagerly caching bean 'org.springframework.context.annotation.internalRequiredAnnotationProcessor' to allow for resolving potential circular references
 2018-02-04 11:35:53 DEBUG DefaultListableBeanFactory:485 - Finished creating instance of bean 'org.springframework.context.annotation.internalRequiredAnnotationProcessor'
 2018-02-04 11:35:53 DEBUG DefaultListableBeanFactory:221 - Creating shared instance of singleton bean 'org.springframework.context.annotation.internalCommonAnnotationProcessor'
 2018-02-04 11:35:53 DEBUG DefaultListableBeanFactory:449 - Creating instance of bean 'org.springframework.context.annotation.internalCommonAnnotationProcessor'
 2018-02-04 11:35:53 DEBUG DefaultListableBeanFactory:539 - Eagerly caching bean 'org.springframework.context.annotation.internalCommonAnnotationProcessor' to allow for resolving potential circular references
 2018-02-04 11:35:53 DEBUG DefaultListableBeanFactory:485 - Finished creating instance of bean 'org.springframework.context.annotation.internalCommonAnnotationProcessor'
 2018-02-04 11:35:53 DEBUG DefaultListableBeanFactory:221 - Creating shared instance of singleton bean 'org.springframework.context.annotation.internalPersistenceAnnotationProcessor'
 2018-02-04 11:35:53 DEBUG DefaultListableBeanFactory:449 - Creating instance of bean 'org.springframework.context.annotation.internalPersistenceAnnotationProcessor'
 2018-02-04 11:35:53 DEBUG DefaultListableBeanFactory:539 - Eagerly caching bean 'org.springframework.context.annotation.internalPersistenceAnnotationProcessor' to allow for resolving potential circular references
 2018-02-04 11:35:53 DEBUG DefaultListableBeanFactory:485 - Finished creating instance of bean 'org.springframework.context.annotation.internalPersistenceAnnotationProcessor'
 2018-02-04 11:35:53 DEBUG ClassPathXmlApplicationContext:734 - Unable to locate MessageSource with name 'messageSource': using default [org.springframework.context.support.DelegatingMessageSource@448d1990]
 2018-02-04 11:35:53 DEBUG ClassPathXmlApplicationContext:758 - Unable to locate ApplicationEventMulticaster with name 'applicationEventMulticaster': using default [org.springframework.context.event.SimpleApplicationEventMulticaster@f6f6232]
 2018-02-04 11:35:53 DEBUG DefaultListableBeanFactory:730 - Pre-instantiating singletons in org.springframework.beans.factory.support.DefaultListableBeanFactory@24839cf4: defining beans [adminDAOImpl,exerciseDAOImpl,exerciseDataDAOImpl,personDAOImpl,sexDAOImpl,stateDAOImpl,trainingDAOImpl,userDataDAOImpl,org.springframework.context.annotation.internalConfigurationAnnotationProcessor,org.springframework.context.annotation.internalAutowiredAnnotationProcessor,org.springframework.context.annotation.internalRequiredAnnotationProcessor,org.springframework.context.annotation.internalCommonAnnotationProcessor,org.springframework.context.annotation.internalPersistenceAnnotationProcessor,org.springframework.context.event.internalEventListenerProcessor,org.springframework.context.event.internalEventListenerFactory,dataSource,sessionFactory,transactionManager]; root of factory hierarchy
 2018-02-04 11:35:53 DEBUG DefaultListableBeanFactory:221 - Creating shared instance of singleton bean 'adminDAOImpl'
 2018-02-04 11:35:53 DEBUG DefaultListableBeanFactory:449 - Creating instance of bean 'adminDAOImpl'
 2018-02-04 11:35:53 DEBUG DefaultListableBeanFactory:539 - Eagerly caching bean 'adminDAOImpl' to allow for resolving potential circular references
 2018-02-04 11:35:53 DEBUG DefaultListableBeanFactory:485 - Finished creating instance of bean 'adminDAOImpl'
 2018-02-04 11:35:53 DEBUG DefaultListableBeanFactory:221 - Creating shared instance of singleton bean 'exerciseDAOImpl'
 2018-02-04 11:35:53 DEBUG DefaultListableBeanFactory:449 - Creating instance of bean 'exerciseDAOImpl'
 2018-02-04 11:35:53 DEBUG DefaultListableBeanFactory:539 - Eagerly caching bean 'exerciseDAOImpl' to allow for resolving potential circular references
 2018-02-04 11:35:53 DEBUG DefaultListableBeanFactory:485 - Finished creating instance of bean 'exerciseDAOImpl'
 2018-02-04 11:35:53 DEBUG DefaultListableBeanFactory:221 - Creating shared instance of singleton bean 'exerciseDataDAOImpl'
 2018-02-04 11:35:53 DEBUG DefaultListableBeanFactory:449 - Creating instance of bean 'exerciseDataDAOImpl'
 2018-02-04 11:35:53 DEBUG DefaultListableBeanFactory:539 - Eagerly caching bean 'exerciseDataDAOImpl' to allow for resolving potential circular references
 2018-02-04 11:35:53 DEBUG DefaultListableBeanFactory:485 - Finished creating instance of bean 'exerciseDataDAOImpl'
 2018-02-04 11:35:53 DEBUG DefaultListableBeanFactory:221 - Creating shared instance of singleton bean 'personDAOImpl'
 2018-02-04 11:35:53 DEBUG DefaultListableBeanFactory:449 - Creating instance of bean 'personDAOImpl'
 2018-02-04 11:35:53 DEBUG DefaultListableBeanFactory:539 - Eagerly caching bean 'personDAOImpl' to allow for resolving potential circular references
 2018-02-04 11:35:53 DEBUG DefaultListableBeanFactory:485 - Finished creating instance of bean 'personDAOImpl'
 2018-02-04 11:35:53 DEBUG DefaultListableBeanFactory:221 - Creating shared instance of singleton bean 'sexDAOImpl'
 2018-02-04 11:35:53 DEBUG DefaultListableBeanFactory:449 - Creating instance of bean 'sexDAOImpl'
 2018-02-04 11:35:53 DEBUG InjectionMetadata:72 - Registered injected element on class [db.dao.hiber.SexDAOImpl]: AutowiredMethodElement for public void db.dao.hiber.SexDAOImpl.setSessionFactory(org.hibernate.SessionFactory)
 2018-02-04 11:35:53 DEBUG DefaultListableBeanFactory:539 - Eagerly caching bean 'sexDAOImpl' to allow for resolving potential circular references
 2018-02-04 11:35:53 DEBUG InjectionMetadata:86 - Processing injected element of bean 'sexDAOImpl': AutowiredMethodElement for public void db.dao.hiber.SexDAOImpl.setSessionFactory(org.hibernate.SessionFactory)
 2018-02-04 11:35:53 DEBUG DefaultListableBeanFactory:221 - Creating shared instance of singleton bean 'sessionFactory'
 2018-02-04 11:35:53 DEBUG DefaultListableBeanFactory:449 - Creating instance of bean 'sessionFactory'
 2018-02-04 11:35:53 DEBUG DefaultListableBeanFactory:539 - Eagerly caching bean 'sessionFactory' to allow for resolving potential circular references
 2018-02-04 11:35:53 DEBUG DefaultListableBeanFactory:221 - Creating shared instance of singleton bean 'dataSource'
 2018-02-04 11:35:53 DEBUG DefaultListableBeanFactory:449 - Creating instance of bean 'dataSource'
 2018-02-04 11:35:53 DEBUG DefaultListableBeanFactory:539 - Eagerly caching bean 'dataSource' to allow for resolving potential circular references
 2018-02-04 11:35:53 INFO  DriverManagerDataSource:133 - Loaded JDBC driver: org.postgresql.Driver
 2018-02-04 11:35:53 DEBUG DefaultListableBeanFactory:485 - Finished creating instance of bean 'dataSource'
 2018-02-04 11:35:53 DEBUG DefaultListableBeanFactory:1670 - Invoking afterPropertiesSet() on bean with name 'sessionFactory'
 2018-02-04 11:35:53 DEBUG logging:28 - Logging Provider: org.jboss.logging.Log4jLoggerProvider
 2018-02-04 11:35:53 DEBUG IntegratorServiceImpl:46 - Adding Integrator [org.hibernate.cfg.beanvalidation.BeanValidationIntegrator].
 2018-02-04 11:35:53 DEBUG IntegratorServiceImpl:46 - Adding Integrator [org.hibernate.secure.spi.JaccIntegrator].
 2018-02-04 11:35:53 DEBUG IntegratorServiceImpl:46 - Adding Integrator [org.hibernate.cache.internal.CollectionCacheInvalidator].
 2018-02-04 11:35:54 INFO  Version:45 - HHH000412: Hibernate Core {5.2.12.Final}
 2018-02-04 11:35:54 INFO  Environment:213 - HHH000206: hibernate.properties not found
 2018-02-04 11:35:54 DEBUG PathMatchingResourcePatternResolver:318 - Resolved classpath location [db/entities/] to resources [URL [file:/home/sa/IdeaProjects/sport_schedule/backend/build/classes/java/main/db/entities/]]
 2018-02-04 11:35:54 DEBUG PathMatchingResourcePatternResolver:736 - Looking for matching resources in directory tree [/home/sa/IdeaProjects/sport_schedule/backend/build/classes/java/main/db/entities]
 2018-02-04 11:35:54 DEBUG PathMatchingResourcePatternResolver:798 - Searching directory [/home/sa/IdeaProjects/sport_schedule/backend/build/classes/java/main/db/entities] for files matching pattern [/home/sa/IdeaProjects/sport_schedule/backend/build/classes/java/main/db/entities/**/*.class]
 2018-02-04 11:35:54 DEBUG PathMatchingResourcePatternResolver:798 - Searching directory [/home/sa/IdeaProjects/sport_schedule/backend/build/classes/java/main/db/entities/Impl] for files matching pattern [/home/sa/IdeaProjects/sport_schedule/backend/build/classes/java/main/db/entities/**/*.class]
 2018-02-04 11:35:54 DEBUG PathMatchingResourcePatternResolver:798 - Searching directory [/home/sa/IdeaProjects/sport_schedule/backend/build/classes/java/main/db/entities/inter] for files matching pattern [/home/sa/IdeaProjects/sport_schedule/backend/build/classes/java/main/db/entities/**/*.class]
 2018-02-04 11:35:54 DEBUG PathMatchingResourcePatternResolver:505 - Resolved location pattern [classpath*:db/entities/**/*.class] to resources [file [/home/sa/IdeaProjects/sport_schedule/backend/build/classes/java/main/db/entities/Impl/AdminDataImpl.class], file [/home/sa/IdeaProjects/sport_schedule/backend/build/classes/java/main/db/entities/Impl/ExerciseDataImpl.class], file [/home/sa/IdeaProjects/sport_schedule/backend/build/classes/java/main/db/entities/Impl/ExerciseImpl.class], file [/home/sa/IdeaProjects/sport_schedule/backend/build/classes/java/main/db/entities/Impl/PersonImpl.class], file [/home/sa/IdeaProjects/sport_schedule/backend/build/classes/java/main/db/entities/Impl/SexImpl.class], file [/home/sa/IdeaProjects/sport_schedule/backend/build/classes/java/main/db/entities/Impl/StateImpl.class], file [/home/sa/IdeaProjects/sport_schedule/backend/build/classes/java/main/db/entities/Impl/TrainingImpl.class], file [/home/sa/IdeaProjects/sport_schedule/backend/build/classes/java/main/db/entities/Impl/UserDataImpl.class], file [/home/sa/IdeaProjects/sport_schedule/backend/build/classes/java/main/db/entities/inter/AdminData.class], file [/home/sa/IdeaProjects/sport_schedule/backend/build/classes/java/main/db/entities/inter/Exercise.class], file [/home/sa/IdeaProjects/sport_schedule/backend/build/classes/java/main/db/entities/inter/ExerciseData.class], file [/home/sa/IdeaProjects/sport_schedule/backend/build/classes/java/main/db/entities/inter/Person.class], file [/home/sa/IdeaProjects/sport_schedule/backend/build/classes/java/main/db/entities/inter/Sex.class], file [/home/sa/IdeaProjects/sport_schedule/backend/build/classes/java/main/db/entities/inter/State.class], file [/home/sa/IdeaProjects/sport_schedule/backend/build/classes/java/main/db/entities/inter/Training.class], file [/home/sa/IdeaProjects/sport_schedule/backend/build/classes/java/main/db/entities/inter/UserData.class]]
 2018-02-04 11:35:54 DEBUG Configuration:724 - Building session factory using internal StandardServiceRegistryBuilder
 2018-02-04 11:35:54 DEBUG ServiceBinding:68 - Overriding existing service binding [org.hibernate.secure.spi.JaccService]
 2018-02-04 11:35:54 DEBUG Configuration:652 - Building session factory using provided StandardServiceRegistry
 2018-02-04 11:35:54 DEBUG RegionFactoryInitiator:75 - Cache region factory : org.hibernate.cache.internal.NoCachingRegionFactory
 2018-02-04 11:35:54 INFO  Version:66 - HCANN000001: Hibernate Commons Annotations {5.0.1.Final}
 2018-02-04 11:35:54 DEBUG BasicTypeRegistry:145 - Adding type registration boolean -> org.hibernate.type.BooleanType@64c4e4e2
 2018-02-04 11:35:54 DEBUG BasicTypeRegistry:145 - Adding type registration boolean -> org.hibernate.type.BooleanType@64c4e4e2
 2018-02-04 11:35:54 DEBUG BasicTypeRegistry:145 - Adding type registration java.lang.Boolean -> org.hibernate.type.BooleanType@64c4e4e2
 2018-02-04 11:35:54 DEBUG BasicTypeRegistry:145 - Adding type registration numeric_boolean -> org.hibernate.type.NumericBooleanType@7eff17a9
 2018-02-04 11:35:54 DEBUG BasicTypeRegistry:145 - Adding type registration true_false -> org.hibernate.type.TrueFalseType@2fb1d480
 2018-02-04 11:35:54 DEBUG BasicTypeRegistry:145 - Adding type registration yes_no -> org.hibernate.type.YesNoType@4f344f81
 2018-02-04 11:35:54 DEBUG BasicTypeRegistry:145 - Adding type registration byte -> org.hibernate.type.ByteType@525f06ae
 2018-02-04 11:35:54 DEBUG BasicTypeRegistry:145 - Adding type registration byte -> org.hibernate.type.ByteType@525f06ae
 2018-02-04 11:35:54 DEBUG BasicTypeRegistry:145 - Adding type registration java.lang.Byte -> org.hibernate.type.ByteType@525f06ae
 2018-02-04 11:35:54 DEBUG BasicTypeRegistry:145 - Adding type registration character -> org.hibernate.type.CharacterType@72fdfdbc
 2018-02-04 11:35:54 DEBUG BasicTypeRegistry:145 - Adding type registration char -> org.hibernate.type.CharacterType@72fdfdbc
 2018-02-04 11:35:54 DEBUG BasicTypeRegistry:145 - Adding type registration java.lang.Character -> org.hibernate.type.CharacterType@72fdfdbc
 2018-02-04 11:35:54 DEBUG BasicTypeRegistry:145 - Adding type registration short -> org.hibernate.type.ShortType@28ea41e8
 2018-02-04 11:35:54 DEBUG BasicTypeRegistry:145 - Adding type registration short -> org.hibernate.type.ShortType@28ea41e8
 2018-02-04 11:35:54 DEBUG BasicTypeRegistry:145 - Adding type registration java.lang.Short -> org.hibernate.type.ShortType@28ea41e8
 2018-02-04 11:35:54 DEBUG BasicTypeRegistry:145 - Adding type registration integer -> org.hibernate.type.IntegerType@7a4ac3d0
 2018-02-04 11:35:54 DEBUG BasicTypeRegistry:145 - Adding type registration int -> org.hibernate.type.IntegerType@7a4ac3d0
 2018-02-04 11:35:54 DEBUG BasicTypeRegistry:145 - Adding type registration java.lang.Integer -> org.hibernate.type.IntegerType@7a4ac3d0
 2018-02-04 11:35:54 DEBUG BasicTypeRegistry:145 - Adding type registration long -> org.hibernate.type.LongType@2b144283
 2018-02-04 11:35:54 DEBUG BasicTypeRegistry:145 - Adding type registration long -> org.hibernate.type.LongType@2b144283
 2018-02-04 11:35:54 DEBUG BasicTypeRegistry:145 - Adding type registration java.lang.Long -> org.hibernate.type.LongType@2b144283
 2018-02-04 11:35:54 DEBUG BasicTypeRegistry:145 - Adding type registration float -> org.hibernate.type.FloatType@7c7fd0e2
 2018-02-04 11:35:54 DEBUG BasicTypeRegistry:145 - Adding type registration float -> org.hibernate.type.FloatType@7c7fd0e2
 2018-02-04 11:35:54 DEBUG BasicTypeRegistry:145 - Adding type registration java.lang.Float -> org.hibernate.type.FloatType@7c7fd0e2
 2018-02-04 11:35:54 DEBUG BasicTypeRegistry:145 - Adding type registration double -> org.hibernate.type.DoubleType@5c0c827b
 2018-02-04 11:35:54 DEBUG BasicTypeRegistry:145 - Adding type registration double -> org.hibernate.type.DoubleType@5c0c827b
 2018-02-04 11:35:54 DEBUG BasicTypeRegistry:145 - Adding type registration java.lang.Double -> org.hibernate.type.DoubleType@5c0c827b
 2018-02-04 11:35:54 DEBUG BasicTypeRegistry:145 - Adding type registration big_decimal -> org.hibernate.type.BigDecimalType@3208e0a7
 2018-02-04 11:35:54 DEBUG BasicTypeRegistry:145 - Adding type registration java.math.BigDecimal -> org.hibernate.type.BigDecimalType@3208e0a7
 2018-02-04 11:35:54 DEBUG BasicTypeRegistry:145 - Adding type registration big_integer -> org.hibernate.type.BigIntegerType@29a0b5a
 2018-02-04 11:35:54 DEBUG BasicTypeRegistry:145 - Adding type registration java.math.BigInteger -> org.hibernate.type.BigIntegerType@29a0b5a
 2018-02-04 11:35:54 DEBUG BasicTypeRegistry:145 - Adding type registration string -> org.hibernate.type.StringType@42a2c030
 2018-02-04 11:35:54 DEBUG BasicTypeRegistry:145 - Adding type registration java.lang.String -> org.hibernate.type.StringType@42a2c030
 2018-02-04 11:35:54 DEBUG BasicTypeRegistry:145 - Adding type registration nstring -> org.hibernate.type.StringNVarcharType@7ff6b5b1
 2018-02-04 11:35:54 DEBUG BasicTypeRegistry:145 - Adding type registration ncharacter -> org.hibernate.type.CharacterNCharType@7f2f11b6
 2018-02-04 11:35:54 DEBUG BasicTypeRegistry:145 - Adding type registration url -> org.hibernate.type.UrlType@7a09a8ef
 2018-02-04 11:35:54 DEBUG BasicTypeRegistry:145 - Adding type registration java.net.URL -> org.hibernate.type.UrlType@7a09a8ef
 2018-02-04 11:35:54 DEBUG BasicTypeRegistry:145 - Adding type registration Duration -> org.hibernate.type.DurationType@184465a5
 2018-02-04 11:35:54 DEBUG BasicTypeRegistry:145 - Adding type registration java.time.Duration -> org.hibernate.type.DurationType@184465a5
 2018-02-04 11:35:54 DEBUG BasicTypeRegistry:145 - Adding type registration Instant -> org.hibernate.type.InstantType@3a7ccf3f
 2018-02-04 11:35:54 DEBUG BasicTypeRegistry:145 - Adding type registration java.time.Instant -> org.hibernate.type.InstantType@3a7ccf3f
 2018-02-04 11:35:54 DEBUG BasicTypeRegistry:145 - Adding type registration LocalDateTime -> org.hibernate.type.LocalDateTimeType@2e421a33
 2018-02-04 11:35:54 DEBUG BasicTypeRegistry:145 - Adding type registration java.time.LocalDateTime -> org.hibernate.type.LocalDateTimeType@2e421a33
 2018-02-04 11:35:54 DEBUG BasicTypeRegistry:145 - Adding type registration LocalDate -> org.hibernate.type.LocalDateType@1a47766b
 2018-02-04 11:35:54 DEBUG BasicTypeRegistry:145 - Adding type registration java.time.LocalDate -> org.hibernate.type.LocalDateType@1a47766b
 2018-02-04 11:35:54 DEBUG BasicTypeRegistry:145 - Adding type registration LocalTime -> org.hibernate.type.LocalTimeType@6d910781
 2018-02-04 11:35:54 DEBUG BasicTypeRegistry:145 - Adding type registration java.time.LocalTime -> org.hibernate.type.LocalTimeType@6d910781
 2018-02-04 11:35:54 DEBUG BasicTypeRegistry:145 - Adding type registration OffsetDateTime -> org.hibernate.type.OffsetDateTimeType@4021cfe6
 2018-02-04 11:35:54 DEBUG BasicTypeRegistry:145 - Adding type registration java.time.OffsetDateTime -> org.hibernate.type.OffsetDateTimeType@4021cfe6
 2018-02-04 11:35:54 DEBUG BasicTypeRegistry:145 - Adding type registration OffsetTime -> org.hibernate.type.OffsetTimeType@28a1a2c
 2018-02-04 11:35:54 DEBUG BasicTypeRegistry:145 - Adding type registration java.time.OffsetTime -> org.hibernate.type.OffsetTimeType@28a1a2c
 2018-02-04 11:35:54 DEBUG BasicTypeRegistry:145 - Adding type registration ZonedDateTime -> org.hibernate.type.ZonedDateTimeType@5108e418
 2018-02-04 11:35:54 DEBUG BasicTypeRegistry:145 - Adding type registration java.time.ZonedDateTime -> org.hibernate.type.ZonedDateTimeType@5108e418
 2018-02-04 11:35:54 DEBUG BasicTypeRegistry:145 - Adding type registration date -> org.hibernate.type.DateType@4cb43a2c
 2018-02-04 11:35:54 DEBUG BasicTypeRegistry:145 - Adding type registration java.sql.Date -> org.hibernate.type.DateType@4cb43a2c
 2018-02-04 11:35:54 DEBUG BasicTypeRegistry:145 - Adding type registration time -> org.hibernate.type.TimeType@284ee9a7
 2018-02-04 11:35:54 DEBUG BasicTypeRegistry:145 - Adding type registration java.sql.Time -> org.hibernate.type.TimeType@284ee9a7
 2018-02-04 11:35:54 DEBUG BasicTypeRegistry:145 - Adding type registration timestamp -> org.hibernate.type.TimestampType@1ead00ed
 2018-02-04 11:35:54 DEBUG BasicTypeRegistry:145 - Adding type registration java.sql.Timestamp -> org.hibernate.type.TimestampType@1ead00ed
 2018-02-04 11:35:54 DEBUG BasicTypeRegistry:145 - Adding type registration java.util.Date -> org.hibernate.type.TimestampType@1ead00ed
 2018-02-04 11:35:54 DEBUG BasicTypeRegistry:145 - Adding type registration dbtimestamp -> org.hibernate.type.DbTimestampType@49402bcd
 2018-02-04 11:35:54 DEBUG BasicTypeRegistry:145 - Adding type registration calendar -> org.hibernate.type.CalendarType@17af3aeb
 2018-02-04 11:35:54 DEBUG BasicTypeRegistry:145 - Adding type registration java.util.Calendar -> org.hibernate.type.CalendarType@17af3aeb
 2018-02-04 11:35:54 DEBUG BasicTypeRegistry:145 - Adding type registration java.util.GregorianCalendar -> org.hibernate.type.CalendarType@17af3aeb
 2018-02-04 11:35:54 DEBUG BasicTypeRegistry:145 - Adding type registration calendar_date -> org.hibernate.type.CalendarDateType@11dc5c27
 2018-02-04 11:35:54 DEBUG BasicTypeRegistry:145 - Adding type registration locale -> org.hibernate.type.LocaleType@646b93d1
 2018-02-04 11:35:54 DEBUG BasicTypeRegistry:145 - Adding type registration java.util.Locale -> org.hibernate.type.LocaleType@646b93d1
 2018-02-04 11:35:54 DEBUG BasicTypeRegistry:145 - Adding type registration currency -> org.hibernate.type.CurrencyType@68c07188
 2018-02-04 11:35:54 DEBUG BasicTypeRegistry:145 - Adding type registration java.util.Currency -> org.hibernate.type.CurrencyType@68c07188
 2018-02-04 11:35:54 DEBUG BasicTypeRegistry:145 - Adding type registration timezone -> org.hibernate.type.TimeZoneType@1d412af9
 2018-02-04 11:35:54 DEBUG BasicTypeRegistry:145 - Adding type registration java.util.TimeZone -> org.hibernate.type.TimeZoneType@1d412af9
 2018-02-04 11:35:54 DEBUG BasicTypeRegistry:145 - Adding type registration class -> org.hibernate.type.ClassType@1b63a450
 2018-02-04 11:35:54 DEBUG BasicTypeRegistry:145 - Adding type registration java.lang.Class -> org.hibernate.type.ClassType@1b63a450
 2018-02-04 11:35:54 DEBUG BasicTypeRegistry:145 - Adding type registration uuid-binary -> org.hibernate.type.UUIDBinaryType@40a329bf
 2018-02-04 11:35:54 DEBUG BasicTypeRegistry:145 - Adding type registration java.util.UUID -> org.hibernate.type.UUIDBinaryType@40a329bf
 2018-02-04 11:35:54 DEBUG BasicTypeRegistry:145 - Adding type registration uuid-char -> org.hibernate.type.UUIDCharType@7e47bf66
 2018-02-04 11:35:54 DEBUG BasicTypeRegistry:145 - Adding type registration binary -> org.hibernate.type.BinaryType@29afc6c3
 2018-02-04 11:35:54 DEBUG BasicTypeRegistry:145 - Adding type registration byte[] -> org.hibernate.type.BinaryType@29afc6c3
 2018-02-04 11:35:54 DEBUG BasicTypeRegistry:145 - Adding type registration [B -> org.hibernate.type.BinaryType@29afc6c3
 2018-02-04 11:35:54 DEBUG BasicTypeRegistry:145 - Adding type registration wrapper-binary -> org.hibernate.type.WrapperBinaryType@6536a2df
 2018-02-04 11:35:54 DEBUG BasicTypeRegistry:145 - Adding type registration Byte[] -> org.hibernate.type.WrapperBinaryType@6536a2df
 2018-02-04 11:35:54 DEBUG BasicTypeRegistry:145 - Adding type registration [Ljava.lang.Byte; -> org.hibernate.type.WrapperBinaryType@6536a2df
 2018-02-04 11:35:54 DEBUG BasicTypeRegistry:145 - Adding type registration row_version -> org.hibernate.type.RowVersionType@6f68a137
 2018-02-04 11:35:54 DEBUG BasicTypeRegistry:145 - Adding type registration image -> org.hibernate.type.ImageType@59a093ba
 2018-02-04 11:35:54 DEBUG BasicTypeRegistry:145 - Adding type registration characters -> org.hibernate.type.CharArrayType@6bc4455c
 2018-02-04 11:35:54 DEBUG BasicTypeRegistry:145 - Adding type registration char[] -> org.hibernate.type.CharArrayType@6bc4455c
 2018-02-04 11:35:54 DEBUG BasicTypeRegistry:145 - Adding type registration [C -> org.hibernate.type.CharArrayType@6bc4455c
 2018-02-04 11:35:54 DEBUG BasicTypeRegistry:145 - Adding type registration wrapper-characters -> org.hibernate.type.CharacterArrayType@52fef6be
 2018-02-04 11:35:54 DEBUG BasicTypeRegistry:145 - Adding type registration [Ljava.lang.Character; -> org.hibernate.type.CharacterArrayType@52fef6be
 2018-02-04 11:35:54 DEBUG BasicTypeRegistry:145 - Adding type registration Character[] -> org.hibernate.type.CharacterArrayType@52fef6be
 2018-02-04 11:35:54 DEBUG BasicTypeRegistry:145 - Adding type registration text -> org.hibernate.type.TextType@79fc7472
 2018-02-04 11:35:54 DEBUG BasicTypeRegistry:145 - Adding type registration ntext -> org.hibernate.type.NTextType@5414a2b1
 2018-02-04 11:35:54 DEBUG BasicTypeRegistry:145 - Adding type registration blob -> org.hibernate.type.BlobType@74da794f
 2018-02-04 11:35:54 DEBUG BasicTypeRegistry:145 - Adding type registration java.sql.Blob -> org.hibernate.type.BlobType@74da794f
 2018-02-04 11:35:54 DEBUG BasicTypeRegistry:145 - Adding type registration materialized_blob -> org.hibernate.type.MaterializedBlobType@5a31f8fa
 2018-02-04 11:35:54 DEBUG BasicTypeRegistry:145 - Adding type registration clob -> org.hibernate.type.ClobType@60d39b5
 2018-02-04 11:35:54 DEBUG BasicTypeRegistry:145 - Adding type registration java.sql.Clob -> org.hibernate.type.ClobType@60d39b5
 2018-02-04 11:35:54 DEBUG BasicTypeRegistry:145 - Adding type registration nclob -> org.hibernate.type.NClobType@77366ae5
 2018-02-04 11:35:54 DEBUG BasicTypeRegistry:145 - Adding type registration java.sql.NClob -> org.hibernate.type.NClobType@77366ae5
 2018-02-04 11:35:54 DEBUG BasicTypeRegistry:145 - Adding type registration materialized_clob -> org.hibernate.type.MaterializedClobType@5305baa
 2018-02-04 11:35:54 DEBUG BasicTypeRegistry:145 - Adding type registration materialized_nclob -> org.hibernate.type.MaterializedNClobType@26bab2ce
 2018-02-04 11:35:54 DEBUG BasicTypeRegistry:145 - Adding type registration serializable -> org.hibernate.type.SerializableType@194fbf91
 2018-02-04 11:35:54 DEBUG BasicTypeRegistry:145 - Adding type registration object -> org.hibernate.type.ObjectType@4a02b3d3
 2018-02-04 11:35:54 DEBUG BasicTypeRegistry:145 - Adding type registration java.lang.Object -> org.hibernate.type.ObjectType@4a02b3d3
 2018-02-04 11:35:54 DEBUG BasicTypeRegistry:145 - Adding type registration imm_date -> org.hibernate.type.AdaptedImmutableType@170431bd
 2018-02-04 11:35:54 DEBUG BasicTypeRegistry:145 - Adding type registration imm_time -> org.hibernate.type.AdaptedImmutableType@48c784a5
 2018-02-04 11:35:54 DEBUG BasicTypeRegistry:145 - Adding type registration imm_timestamp -> org.hibernate.type.AdaptedImmutableType@6ba1d72d
 2018-02-04 11:35:54 DEBUG BasicTypeRegistry:145 - Adding type registration imm_dbtimestamp -> org.hibernate.type.AdaptedImmutableType@250edb4c
 2018-02-04 11:35:54 DEBUG BasicTypeRegistry:145 - Adding type registration imm_calendar -> org.hibernate.type.AdaptedImmutableType@13b19f89
 2018-02-04 11:35:54 DEBUG BasicTypeRegistry:145 - Adding type registration imm_calendar_date -> org.hibernate.type.AdaptedImmutableType@6727c3f6
 2018-02-04 11:35:54 DEBUG BasicTypeRegistry:145 - Adding type registration imm_binary -> org.hibernate.type.AdaptedImmutableType@2da7880
 2018-02-04 11:35:54 DEBUG BasicTypeRegistry:145 - Adding type registration imm_serializable -> org.hibernate.type.AdaptedImmutableType@51dd172c
 2018-02-04 11:35:54 DEBUG DriverManagerDataSource:142 - Creating new JDBC DriverManager Connection to [jdbc:postgresql://localhost:5432/sport_schedule_hibernate]
 2018-02-04 11:35:55 DEBUG JdbcEnvironmentInitiator:72 - Database ->
       name : PostgreSQL
    version : 9.5.10
      major : 9
      minor : 5
 2018-02-04 11:35:55 DEBUG JdbcEnvironmentInitiator:83 - Driver ->
       name : PostgreSQL Native Driver
    version : PostgreSQL 9.1 JDBC4 (build 901)
      major : 9
      minor : 1
 2018-02-04 11:35:55 DEBUG JdbcEnvironmentInitiator:389 - JDBC version : 4.0
 2018-02-04 11:35:55 INFO  Dialect:157 - HHH000400: Using dialect: org.hibernate.dialect.PostgreSQL94Dialect
 2018-02-04 11:35:55 DEBUG IdentifierHelperBuilder:112 - JDBC driver metadata reported database stores quoted identifiers in neither upper, lower nor mixed case
 2018-02-04 11:35:55 INFO  LobCreatorBuilderImpl:124 - HHH000424: Disabling contextual LOB creation as createClob() method threw error : java.lang.reflect.InvocationTargetException
 2018-02-04 11:35:55 DEBUG BasicTypeRegistry:145 - Adding type registration pg-uuid -> org.hibernate.type.PostgresUUIDType@76c1c75
 2018-02-04 11:35:55 DEBUG BasicTypeRegistry:145 - Adding type registration java.util.UUID -> org.hibernate.type.PostgresUUIDType@76c1c75
 2018-02-04 11:35:55 INFO  BasicTypeRegistry:148 - HHH000270: Type registration [java.util.UUID] overrides previous : org.hibernate.type.UUIDBinaryType@40a329bf
 2018-02-04 11:35:55 DEBUG DefaultIdentifierGeneratorFactory:81 - Registering IdentifierGenerator strategy [uuid2] -> [org.hibernate.id.UUIDGenerator]
 2018-02-04 11:35:55 DEBUG DefaultIdentifierGeneratorFactory:81 - Registering IdentifierGenerator strategy [guid] -> [org.hibernate.id.GUIDGenerator]
 2018-02-04 11:35:55 DEBUG DefaultIdentifierGeneratorFactory:81 - Registering IdentifierGenerator strategy [uuid] -> [org.hibernate.id.UUIDHexGenerator]
 2018-02-04 11:35:55 DEBUG DefaultIdentifierGeneratorFactory:81 - Registering IdentifierGenerator strategy [uuid.hex] -> [org.hibernate.id.UUIDHexGenerator]
 2018-02-04 11:35:55 DEBUG DefaultIdentifierGeneratorFactory:81 - Registering IdentifierGenerator strategy [assigned] -> [org.hibernate.id.Assigned]
 2018-02-04 11:35:55 DEBUG DefaultIdentifierGeneratorFactory:81 - Registering IdentifierGenerator strategy [identity] -> [org.hibernate.id.IdentityGenerator]
 2018-02-04 11:35:55 DEBUG DefaultIdentifierGeneratorFactory:81 - Registering IdentifierGenerator strategy [select] -> [org.hibernate.id.SelectGenerator]
 2018-02-04 11:35:55 DEBUG DefaultIdentifierGeneratorFactory:81 - Registering IdentifierGenerator strategy [sequence] -> [org.hibernate.id.enhanced.SequenceStyleGenerator]
 2018-02-04 11:35:55 DEBUG DefaultIdentifierGeneratorFactory:81 - Registering IdentifierGenerator strategy [seqhilo] -> [org.hibernate.id.SequenceHiLoGenerator]
 2018-02-04 11:35:55 DEBUG DefaultIdentifierGeneratorFactory:81 - Registering IdentifierGenerator strategy [increment] -> [org.hibernate.id.IncrementGenerator]
 2018-02-04 11:35:55 DEBUG DefaultIdentifierGeneratorFactory:81 - Registering IdentifierGenerator strategy [foreign] -> [org.hibernate.id.ForeignGenerator]
 2018-02-04 11:35:55 DEBUG DefaultIdentifierGeneratorFactory:81 - Registering IdentifierGenerator strategy [sequence-identity] -> [org.hibernate.id.SequenceIdentityGenerator]
 2018-02-04 11:35:55 DEBUG DefaultIdentifierGeneratorFactory:81 - Registering IdentifierGenerator strategy [enhanced-sequence] -> [org.hibernate.id.enhanced.SequenceStyleGenerator]
 2018-02-04 11:35:55 DEBUG DefaultIdentifierGeneratorFactory:81 - Registering IdentifierGenerator strategy [enhanced-table] -> [org.hibernate.id.enhanced.TableGenerator]
 2018-02-04 11:35:55 DEBUG Namespace:47 - Created database namespace [logicalName=Name{catalog=null, schema=null}, physicalName=Name{catalog=null, schema=null}]
 2018-02-04 11:35:56 DEBUG AnnotationBinder:511 - Binding entity from annotated class: db.entities.Impl.SexImpl
 2018-02-04 11:35:56 DEBUG Ejb3Column:213 - Binding column: Ejb3DiscriminatorColumn{logicalColumnName'DTYPE', discriminatorTypeName='string'}
 2018-02-04 11:35:56 DEBUG EntityBinder:419 - Import with entity name Sex
 2018-02-04 11:35:56 DEBUG EntityBinder:695 - Bind entity db.entities.Impl.SexImpl on table sex
 2018-02-04 11:35:56 DEBUG Ejb3Column:213 - Binding column: Ejb3Column{table=org.hibernate.mapping.Table(sex), mappingColumn=id, insertable=true, updatable=true, unique=false}
 2018-02-04 11:35:56 DEBUG PropertyBinder:174 - MetadataSourceProcessor property id with lazy=false
 2018-02-04 11:35:56 DEBUG AbstractPropertyHolder:95 - Attempting to locate auto-apply AttributeConverter for property [db.entities.Impl.SexImpl:id]
 2018-02-04 11:35:56 DEBUG SimpleValueBinder:411 - building SimpleValue for id
 2018-02-04 11:35:56 DEBUG PropertyBinder:265 - Building property id
 2018-02-04 11:35:56 DEBUG Ejb3Column:213 - Binding column: Ejb3Column{table=org.hibernate.mapping.Table(sex), mappingColumn=sex, insertable=true, updatable=true, unique=false}
 2018-02-04 11:35:56 DEBUG PropertyBinder:174 - MetadataSourceProcessor property sex with lazy=false
 2018-02-04 11:35:56 DEBUG AbstractPropertyHolder:95 - Attempting to locate auto-apply AttributeConverter for property [db.entities.Impl.SexImpl:sex]
 2018-02-04 11:35:56 DEBUG SimpleValueBinder:411 - building SimpleValue for sex
 2018-02-04 11:35:56 DEBUG PropertyBinder:265 - Building property sex
 2018-02-04 11:35:56 DEBUG SimpleValueBinder:456 - Starting fillSimpleValue for id
 2018-02-04 11:35:56 DEBUG SimpleValueBinder:456 - Starting fillSimpleValue for sex
 2018-02-04 11:35:56 DEBUG PrimaryKey:35 - Forcing column [id] to be non-null as it is part of the primary key for table [sex]
 2018-02-04 11:35:56 DEBUG SessionFactoryImpl:200 - Building session factory
 2018-02-04 11:35:56 DEBUG Settings:69 - SessionFactory name : null
 2018-02-04 11:35:56 DEBUG Settings:70 - Automatic flush during beforeCompletion(): enabled
 2018-02-04 11:35:56 DEBUG Settings:71 - Automatic session close at end of transaction: disabled
 2018-02-04 11:35:56 DEBUG Settings:73 - Statistics: disabled
 2018-02-04 11:35:56 DEBUG Settings:75 - Deleted entity synthetic identifier rollback: disabled
 2018-02-04 11:35:56 DEBUG Settings:76 - Default entity-mode: pojo
[...]
 2018-02-04 11:36:00 DEBUG QuerySpacesImpl:174 - Adding QuerySpace : uid = <gen:0> -> org.hibernate.loader.plan.build.internal.spaces.EntityQuerySpaceImpl@1619430e]
 2018-02-04 11:36:00 DEBUG MetamodelGraphWalker:137 - Visiting attribute path : sex
 2018-02-04 11:36:00 DEBUG FetchStyleLoadPlanBuildingAssociationVisitationStrategy:150 - Building LoadPlan...
 2018-02-04 11:36:00 DEBUG LoadQueryJoinAndFetchProcessor:101 - processing queryspace <gen:0>
 2018-02-04 11:36:00 DEBUG LoadPlanTreePrinter:55 - LoadPlan(entity=db.entities.Impl.SexImpl)
    - Returns
       - EntityReturnImpl(entity=db.entities.Impl.SexImpl, querySpaceUid=<gen:0>, path=db.entities.Impl.SexImpl)
    - QuerySpaces
       - EntityQuerySpaceImpl(uid=<gen:0>, entity=db.entities.Impl.SexImpl)
          - SQL table alias mapping - seximpl0_
          - alias suffix - 0_
          - suffixed key columns - {id1_0_0_}

 2018-02-04 11:36:00 DEBUG EntityLoader:115 - Static select for entity db.entities.Impl.SexImpl [UPGRADE_SKIPLOCKED]: select seximpl0_.id as id1_0_0_, seximpl0_.sex as sex2_0_0_ from sex seximpl0_ where seximpl0_.id=? for update
 2018-02-04 11:36:00 DEBUG QuerySpacesImpl:174 - Adding QuerySpace : uid = <gen:0> -> org.hibernate.loader.plan.build.internal.spaces.EntityQuerySpaceImpl@45daecf0]
 2018-02-04 11:36:00 DEBUG MetamodelGraphWalker:137 - Visiting attribute path : sex
 2018-02-04 11:36:00 DEBUG FetchStyleLoadPlanBuildingAssociationVisitationStrategy:150 - Building LoadPlan...
 2018-02-04 11:36:00 DEBUG LoadQueryJoinAndFetchProcessor:101 - processing queryspace <gen:0>
 2018-02-04 11:36:00 DEBUG LoadPlanTreePrinter:55 - LoadPlan(entity=db.entities.Impl.SexImpl)
    - Returns
       - EntityReturnImpl(entity=db.entities.Impl.SexImpl, querySpaceUid=<gen:0>, path=db.entities.Impl.SexImpl)
    - QuerySpaces
       - EntityQuerySpaceImpl(uid=<gen:0>, entity=db.entities.Impl.SexImpl)
          - SQL table alias mapping - seximpl0_
          - alias suffix - 0_
          - suffixed key columns - {id1_0_0_}

 2018-02-04 11:36:00 DEBUG EntityLoader:115 - Static select for entity db.entities.Impl.SexImpl [FORCE]: select seximpl0_.id as id1_0_0_, seximpl0_.sex as sex2_0_0_ from sex seximpl0_ where seximpl0_.id=? for update nowait 
 2018-02-04 11:36:00 DEBUG QuerySpacesImpl:174 - Adding QuerySpace : uid = <gen:0> -> org.hibernate.loader.plan.build.internal.spaces.EntityQuerySpaceImpl@4f61b8a3]
 2018-02-04 11:36:00 DEBUG MetamodelGraphWalker:137 - Visiting attribute path : sex
 2018-02-04 11:36:00 DEBUG FetchStyleLoadPlanBuildingAssociationVisitationStrategy:150 - Building LoadPlan...
 2018-02-04 11:36:00 DEBUG LoadQueryJoinAndFetchProcessor:101 - processing queryspace <gen:0>
 2018-02-04 11:36:00 DEBUG LoadPlanTreePrinter:55 - LoadPlan(entity=db.entities.Impl.SexImpl)
    - Returns
       - EntityReturnImpl(entity=db.entities.Impl.SexImpl, querySpaceUid=<gen:0>, path=db.entities.Impl.SexImpl)
    - QuerySpaces
       - EntityQuerySpaceImpl(uid=<gen:0>, entity=db.entities.Impl.SexImpl)
          - SQL table alias mapping - seximpl0_
          - alias suffix - 0_
          - suffixed key columns - {id1_0_0_}

 2018-02-04 11:36:00 DEBUG EntityLoader:115 - Static select for entity db.entities.Impl.SexImpl [PESSIMISTIC_READ]: select seximpl0_.id as id1_0_0_, seximpl0_.sex as sex2_0_0_ from sex seximpl0_ where seximpl0_.id=? for share
 2018-02-04 11:36:00 DEBUG QuerySpacesImpl:174 - Adding QuerySpace : uid = <gen:0> -> org.hibernate.loader.plan.build.internal.spaces.EntityQuerySpaceImpl@71e5f483]
 2018-02-04 11:36:00 DEBUG MetamodelGraphWalker:137 - Visiting attribute path : sex
 2018-02-04 11:36:00 DEBUG FetchStyleLoadPlanBuildingAssociationVisitationStrategy:150 - Building LoadPlan...
 2018-02-04 11:36:00 DEBUG LoadQueryJoinAndFetchProcessor:101 - processing queryspace <gen:0>
 2018-02-04 11:36:00 DEBUG LoadPlanTreePrinter:55 - LoadPlan(entity=db.entities.Impl.SexImpl)
    - Returns
       - EntityReturnImpl(entity=db.entities.Impl.SexImpl, querySpaceUid=<gen:0>, path=db.entities.Impl.SexImpl)
    - QuerySpaces
       - EntityQuerySpaceImpl(uid=<gen:0>, entity=db.entities.Impl.SexImpl)
          - SQL table alias mapping - seximpl0_
          - alias suffix - 0_
          - suffixed key columns - {id1_0_0_}

 2018-02-04 11:36:00 DEBUG EntityLoader:115 - Static select for entity db.entities.Impl.SexImpl [PESSIMISTIC_WRITE]: select seximpl0_.id as id1_0_0_, seximpl0_.sex as sex2_0_0_ from sex seximpl0_ where seximpl0_.id=? for update
 2018-02-04 11:36:00 DEBUG QuerySpacesImpl:174 - Adding QuerySpace : uid = <gen:0> -> org.hibernate.loader.plan.build.internal.spaces.EntityQuerySpaceImpl@440f5558]
 2018-02-04 11:36:00 DEBUG MetamodelGraphWalker:137 - Visiting attribute path : sex
 2018-02-04 11:36:00 DEBUG FetchStyleLoadPlanBuildingAssociationVisitationStrategy:150 - Building LoadPlan...
 2018-02-04 11:36:00 DEBUG LoadQueryJoinAndFetchProcessor:101 - processing queryspace <gen:0>
 2018-02-04 11:36:00 DEBUG LoadPlanTreePrinter:55 - LoadPlan(entity=db.entities.Impl.SexImpl)
    - Returns
       - EntityReturnImpl(entity=db.entities.Impl.SexImpl, querySpaceUid=<gen:0>, path=db.entities.Impl.SexImpl)
    - QuerySpaces
       - EntityQuerySpaceImpl(uid=<gen:0>, entity=db.entities.Impl.SexImpl)
          - SQL table alias mapping - seximpl0_
          - alias suffix - 0_
          - suffixed key columns - {id1_0_0_}

 2018-02-04 11:36:00 DEBUG EntityLoader:115 - Static select for entity db.entities.Impl.SexImpl [PESSIMISTIC_FORCE_INCREMENT]: select seximpl0_.id as id1_0_0_, seximpl0_.sex as sex2_0_0_ from sex seximpl0_ where seximpl0_.id=? for update nowait 
 2018-02-04 11:36:00 DEBUG QuerySpacesImpl:174 - Adding QuerySpace : uid = <gen:0> -> org.hibernate.loader.plan.build.internal.spaces.EntityQuerySpaceImpl@2823661e]
 2018-02-04 11:36:00 DEBUG MetamodelGraphWalker:137 - Visiting attribute path : sex
 2018-02-04 11:36:00 DEBUG FetchStyleLoadPlanBuildingAssociationVisitationStrategy:150 - Building LoadPlan...
 2018-02-04 11:36:00 DEBUG LoadQueryJoinAndFetchProcessor:101 - processing queryspace <gen:0>
 2018-02-04 11:36:00 DEBUG LoadPlanTreePrinter:55 - LoadPlan(entity=db.entities.Impl.SexImpl)
    - Returns
       - EntityReturnImpl(entity=db.entities.Impl.SexImpl, querySpaceUid=<gen:0>, path=db.entities.Impl.SexImpl)
    - QuerySpaces
       - EntityQuerySpaceImpl(uid=<gen:0>, entity=db.entities.Impl.SexImpl)
          - SQL table alias mapping - seximpl0_
          - alias suffix - 0_
          - suffixed key columns - {id1_0_0_}

 2018-02-04 11:36:00 DEBUG EntityLoader:115 - Static select for entity db.entities.Impl.SexImpl [OPTIMISTIC]: select seximpl0_.id as id1_0_0_, seximpl0_.sex as sex2_0_0_ from sex seximpl0_ where seximpl0_.id=?
 2018-02-04 11:36:00 DEBUG QuerySpacesImpl:174 - Adding QuerySpace : uid = <gen:0> -> org.hibernate.loader.plan.build.internal.spaces.EntityQuerySpaceImpl@5a11dba1]
 2018-02-04 11:36:00 DEBUG MetamodelGraphWalker:137 - Visiting attribute path : sex
 2018-02-04 11:36:00 DEBUG FetchStyleLoadPlanBuildingAssociationVisitationStrategy:150 - Building LoadPlan...
 2018-02-04 11:36:00 DEBUG LoadQueryJoinAndFetchProcessor:101 - processing queryspace <gen:0>
 2018-02-04 11:36:00 DEBUG LoadPlanTreePrinter:55 - LoadPlan(entity=db.entities.Impl.SexImpl)
    - Returns
       - EntityReturnImpl(entity=db.entities.Impl.SexImpl, querySpaceUid=<gen:0>, path=db.entities.Impl.SexImpl)
    - QuerySpaces
       - EntityQuerySpaceImpl(uid=<gen:0>, entity=db.entities.Impl.SexImpl)
          - SQL table alias mapping - seximpl0_
          - alias suffix - 0_
          - suffixed key columns - {id1_0_0_}

 2018-02-04 11:36:00 DEBUG EntityLoader:115 - Static select for entity db.entities.Impl.SexImpl [OPTIMISTIC_FORCE_INCREMENT]: select seximpl0_.id as id1_0_0_, seximpl0_.sex as sex2_0_0_ from sex seximpl0_ where seximpl0_.id=?
 2018-02-04 11:36:00 DEBUG Loader:38 - Static select for action ACTION_MERGE on entity db.entities.Impl.SexImpl: select seximpl0_.id as id1_0_0_, seximpl0_.sex as sex2_0_0_ from sex seximpl0_ where seximpl0_.id=?
 2018-02-04 11:36:00 DEBUG Loader:38 - Static select for action ACTION_REFRESH on entity db.entities.Impl.SexImpl: select seximpl0_.id as id1_0_0_, seximpl0_.sex as sex2_0_0_ from sex seximpl0_ where seximpl0_.id=?
 2018-02-04 11:36:00 DEBUG DriverManagerDataSource:142 - Creating new JDBC DriverManager Connection to [jdbc:postgresql://localhost:5432/sport_schedule_hibernate]
 2018-02-04 11:36:00 DEBUG Table:513 - No alter strings for table : sex
 2018-02-04 11:36:00 DEBUG JtaPlatformInitiator:42 - No JtaPlatform was specified, checking resolver
 2018-02-04 11:36:00 DEBUG JtaPlatformResolverInitiator:33 - No JtaPlatformResolver was specified, using default [org.hibernate.engine.transaction.jta.platform.internal.StandardJtaPlatformResolver]
 2018-02-04 11:36:00 DEBUG StandardJtaPlatformResolver:102 - Could not resolve JtaPlatform, using default [org.hibernate.engine.transaction.jta.platform.internal.NoJtaPlatform]
 2018-02-04 11:36:00 DEBUG NamedQueryRepository:151 - Checking 0 named HQL queries
 2018-02-04 11:36:00 DEBUG NamedQueryRepository:167 - Checking 0 named SQL queries
 2018-02-04 11:36:00 DEBUG SessionFactoryRegistry:74 - Registering SessionFactory: 39fa510e-883f-42c3-a4a4-1a4968876c06 (<unnamed>)
 2018-02-04 11:36:00 DEBUG SessionFactoryRegistry:81 - Not binding SessionFactory to JNDI, no JNDI name configured
 2018-02-04 11:36:00 DEBUG DefaultListableBeanFactory:485 - Finished creating instance of bean 'sessionFactory'
 2018-02-04 11:36:00 DEBUG AutowiredAnnotationBeanPostProcessor:535 - Autowiring by type from bean name 'sexDAOImpl' to bean named 'sessionFactory'
 2018-02-04 11:36:00 DEBUG DefaultListableBeanFactory:485 - Finished creating instance of bean 'sexDAOImpl'
 2018-02-04 11:36:00 DEBUG DefaultListableBeanFactory:221 - Creating shared instance of singleton bean 'stateDAOImpl'
 2018-02-04 11:36:00 DEBUG DefaultListableBeanFactory:449 - Creating instance of bean 'stateDAOImpl'
 2018-02-04 11:36:00 DEBUG DefaultListableBeanFactory:539 - Eagerly caching bean 'stateDAOImpl' to allow for resolving potential circular references
 2018-02-04 11:36:00 DEBUG DefaultListableBeanFactory:485 - Finished creating instance of bean 'stateDAOImpl'
 2018-02-04 11:36:00 DEBUG DefaultListableBeanFactory:221 - Creating shared instance of singleton bean 'trainingDAOImpl'
 2018-02-04 11:36:00 DEBUG DefaultListableBeanFactory:449 - Creating instance of bean 'trainingDAOImpl'
 2018-02-04 11:36:00 DEBUG InjectionMetadata:72 - Registered injected element on class [db.dao.hiber.TrainingDAOImpl]: AutowiredMethodElement for public void db.dao.hiber.TrainingDAOImpl.setSessionFactory(org.hibernate.SessionFactory)
 2018-02-04 11:36:00 DEBUG DefaultListableBeanFactory:539 - Eagerly caching bean 'trainingDAOImpl' to allow for resolving potential circular references
 2018-02-04 11:36:00 DEBUG InjectionMetadata:86 - Processing injected element of bean 'trainingDAOImpl': AutowiredMethodElement for public void db.dao.hiber.TrainingDAOImpl.setSessionFactory(org.hibernate.SessionFactory)
 2018-02-04 11:36:00 DEBUG DefaultListableBeanFactory:251 - Returning cached instance of singleton bean 'sessionFactory'
 2018-02-04 11:36:00 DEBUG AutowiredAnnotationBeanPostProcessor:535 - Autowiring by type from bean name 'trainingDAOImpl' to bean named 'sessionFactory'
 2018-02-04 11:36:00 DEBUG DefaultListableBeanFactory:485 - Finished creating instance of bean 'trainingDAOImpl'
 2018-02-04 11:36:00 DEBUG DefaultListableBeanFactory:221 - Creating shared instance of singleton bean 'userDataDAOImpl'
 2018-02-04 11:36:00 DEBUG DefaultListableBeanFactory:449 - Creating instance of bean 'userDataDAOImpl'
 2018-02-04 11:36:00 DEBUG DefaultListableBeanFactory:539 - Eagerly caching bean 'userDataDAOImpl' to allow for resolving potential circular references
 2018-02-04 11:36:00 DEBUG DefaultListableBeanFactory:485 - Finished creating instance of bean 'userDataDAOImpl'
 2018-02-04 11:36:00 DEBUG DefaultListableBeanFactory:251 - Returning cached instance of singleton bean 'org.springframework.context.annotation.internalConfigurationAnnotationProcessor'
 2018-02-04 11:36:00 DEBUG DefaultListableBeanFactory:251 - Returning cached instance of singleton bean 'org.springframework.context.annotation.internalAutowiredAnnotationProcessor'
 2018-02-04 11:36:00 DEBUG DefaultListableBeanFactory:251 - Returning cached instance of singleton bean 'org.springframework.context.annotation.internalRequiredAnnotationProcessor'
 2018-02-04 11:36:00 DEBUG DefaultListableBeanFactory:251 - Returning cached instance of singleton bean 'org.springframework.context.annotation.internalCommonAnnotationProcessor'
 2018-02-04 11:36:00 DEBUG DefaultListableBeanFactory:251 - Returning cached instance of singleton bean 'org.springframework.context.annotation.internalPersistenceAnnotationProcessor'
 2018-02-04 11:36:00 DEBUG DefaultListableBeanFactory:221 - Creating shared instance of singleton bean 'org.springframework.context.event.internalEventListenerProcessor'
 2018-02-04 11:36:00 DEBUG DefaultListableBeanFactory:449 - Creating instance of bean 'org.springframework.context.event.internalEventListenerProcessor'
 2018-02-04 11:36:00 DEBUG DefaultListableBeanFactory:539 - Eagerly caching bean 'org.springframework.context.event.internalEventListenerProcessor' to allow for resolving potential circular references
 2018-02-04 11:36:00 DEBUG DefaultListableBeanFactory:485 - Finished creating instance of bean 'org.springframework.context.event.internalEventListenerProcessor'
 2018-02-04 11:36:00 DEBUG DefaultListableBeanFactory:221 - Creating shared instance of singleton bean 'org.springframework.context.event.internalEventListenerFactory'
 2018-02-04 11:36:00 DEBUG DefaultListableBeanFactory:449 - Creating instance of bean 'org.springframework.context.event.internalEventListenerFactory'
 2018-02-04 11:36:00 DEBUG DefaultListableBeanFactory:539 - Eagerly caching bean 'org.springframework.context.event.internalEventListenerFactory' to allow for resolving potential circular references
 2018-02-04 11:36:00 DEBUG DefaultListableBeanFactory:485 - Finished creating instance of bean 'org.springframework.context.event.internalEventListenerFactory'
 2018-02-04 11:36:00 DEBUG DefaultListableBeanFactory:251 - Returning cached instance of singleton bean 'dataSource'
 2018-02-04 11:36:00 DEBUG DefaultListableBeanFactory:251 - Returning cached instance of singleton bean 'sessionFactory'
 2018-02-04 11:36:00 DEBUG DefaultListableBeanFactory:221 - Creating shared instance of singleton bean 'transactionManager'
 2018-02-04 11:36:00 DEBUG DefaultListableBeanFactory:449 - Creating instance of bean 'transactionManager'
 2018-02-04 11:36:00 DEBUG DefaultListableBeanFactory:539 - Eagerly caching bean 'transactionManager' to allow for resolving potential circular references
 2018-02-04 11:36:00 DEBUG DefaultListableBeanFactory:251 - Returning cached instance of singleton bean 'sessionFactory'
 2018-02-04 11:36:00 DEBUG DefaultListableBeanFactory:1670 - Invoking afterPropertiesSet() on bean with name 'transactionManager'
 2018-02-04 11:36:00 DEBUG DefaultListableBeanFactory:485 - Finished creating instance of bean 'transactionManager'
 2018-02-04 11:36:00 DEBUG DefaultListableBeanFactory:251 - Returning cached instance of singleton bean 'org.springframework.context.event.internalEventListenerFactory'
 2018-02-04 11:36:00 DEBUG ClassPathXmlApplicationContext:785 - Unable to locate LifecycleProcessor with name 'lifecycleProcessor': using default [org.springframework.context.support.DefaultLifecycleProcessor@31d29392]
 2018-02-04 11:36:00 DEBUG DefaultListableBeanFactory:251 - Returning cached instance of singleton bean 'lifecycleProcessor'
 2018-02-04 11:36:00 DEBUG PropertySourcesPropertyResolver:92 - Could not find key 'spring.liveBeansView.mbeanDomain' in any property source
 2018-02-04 11:36:00 DEBUG DefaultListableBeanFactory:251 - Returning cached instance of singleton bean 'sexDAOImpl'
 2018-02-04 11:36:00 DEBUG StatisticsInitiator:82 - Statistics initialized [enabled=false]
 2018-02-04 11:36:00 DEBUG TransactionImpl:55 - begin
 2018-02-04 11:36:00 DEBUG DriverManagerDataSource:142 - Creating new JDBC DriverManager Connection to [jdbc:postgresql://localhost:5432/sport_schedule_hibernate]
 2018-02-04 11:36:00 DEBUG SQL:92 - select nextval ('SEX_SEQ')
 2018-02-04 11:36:00 DEBUG SequenceStructure:101 - Sequence value obtained: 3
 2018-02-04 11:36:00 DEBUG ResourceRegistryStandardImpl:84 - HHH000387: ResultSet's statement was not registered
 2018-02-04 11:36:00 DEBUG AbstractSaveEventListener:118 - Generated identifier: 3, using strategy: org.hibernate.id.enhanced.SequenceStyleGenerator
 2018-02-04 11:36:00 DEBUG TransactionImpl:66 - committing
 2018-02-04 11:36:00 DEBUG AbstractFlushingEventListener:132 - Processing flush-time cascades
 2018-02-04 11:36:00 DEBUG AbstractFlushingEventListener:174 - Dirty checking collections
 2018-02-04 11:36:00 DEBUG AbstractFlushingEventListener:106 - Flushed: 1 insertions, 0 updates, 0 deletions to 1 objects
 2018-02-04 11:36:00 DEBUG AbstractFlushingEventListener:113 - Flushed: 0 (re)creations, 0 updates, 0 removals to 0 collections
 2018-02-04 11:36:00 DEBUG EntityPrinter:102 - Listing entities:
 2018-02-04 11:36:00 DEBUG EntityPrinter:109 - db.entities.Impl.SexImpl{sex=Мужской, id=3}
 2018-02-04 11:36:00 DEBUG SQL:92 - insert into sex (sex, id) values (?, ?)
 2018-02-04 11:36:00 DEBUG LogicalConnectionManagedImpl:161 - Initiating JDBC connection release from afterTransaction
 2018-02-04 11:36:00 DEBUG DriverManagerDataSource:142 - Creating new JDBC DriverManager Connection to [jdbc:postgresql://localhost:5432/sport_schedule_hibernate]
 2018-02-04 11:36:00 DEBUG LogicalConnectionManagedImpl:161 - Initiating JDBC connection release from afterTransaction
 2018-02-04 11:36:00 DEBUG JdbcCoordinatorImpl:183 - HHH000420: Closing un-released batch
 2018-02-04 11:36:00 DEBUG TransactionImpl:55 - begin
 2018-02-04 11:36:00 DEBUG DriverManagerDataSource:142 - Creating new JDBC DriverManager Connection to [jdbc:postgresql://localhost:5432/sport_schedule_hibernate]
 2018-02-04 11:36:00 DEBUG SQL:92 - select nextval ('SEX_SEQ')
 2018-02-04 11:36:00 DEBUG SequenceStructure:101 - Sequence value obtained: 4
 2018-02-04 11:36:00 DEBUG ResourceRegistryStandardImpl:84 - HHH000387: ResultSet's statement was not registered
 2018-02-04 11:36:00 DEBUG AbstractSaveEventListener:118 - Generated identifier: 4, using strategy: org.hibernate.id.enhanced.SequenceStyleGenerator
 2018-02-04 11:36:00 DEBUG TransactionImpl:66 - committing
 2018-02-04 11:36:00 DEBUG AbstractFlushingEventListener:132 - Processing flush-time cascades
 2018-02-04 11:36:00 DEBUG AbstractFlushingEventListener:174 - Dirty checking collections
 2018-02-04 11:36:00 DEBUG AbstractFlushingEventListener:106 - Flushed: 1 insertions, 0 updates, 0 deletions to 1 objects
 2018-02-04 11:36:00 DEBUG AbstractFlushingEventListener:113 - Flushed: 0 (re)creations, 0 updates, 0 removals to 0 collections
 2018-02-04 11:36:00 DEBUG EntityPrinter:102 - Listing entities:
 2018-02-04 11:36:00 DEBUG EntityPrinter:109 - db.entities.Impl.SexImpl{sex=Женский, id=4}
 2018-02-04 11:36:00 DEBUG SQL:92 - insert into sex (sex, id) values (?, ?)
 2018-02-04 11:36:00 DEBUG LogicalConnectionManagedImpl:161 - Initiating JDBC connection release from afterTransaction
 2018-02-04 11:36:00 DEBUG DriverManagerDataSource:142 - Creating new JDBC DriverManager Connection to [jdbc:postgresql://localhost:5432/sport_schedule_hibernate]
 2018-02-04 11:36:00 DEBUG LogicalConnectionManagedImpl:161 - Initiating JDBC connection release from afterTransaction
 2018-02-04 11:36:00 DEBUG JdbcCoordinatorImpl:183 - HHH000420: Closing un-released batch
 ]]></system-out>
  <system-err><![CDATA[log4j:ERROR Could not find value for key log4j.appender.ERROR
log4j:ERROR Could not instantiate appender named "ERROR".
]]></system-err>
</testsuite>
